11497 - [2023-04-29 20:09:10,705] : DEBUG -> Experiment script executed
11497 - [2023-04-29 20:09:10,705] : DEBUG -> Listing input files to the program
11497 - [2023-04-29 20:09:10,705] : DEBUG -> Running the program with each input 13 times
11497 - [2023-04-29 20:09:10,705] : DEBUG -> Running input: /Users/hugolima/GitHub/HugoLima_ws_AA_RR_2022/exp/inputs/rand.txt - Time 0
11497 - [2023-04-29 20:09:10,885] : DEBUG -> Program output: - Time 0
11497 - [2023-04-29 20:09:10,885] : DEBUG -> ---------------------------
11497 - [2023-04-29 20:09:10,885] : DEBUG -> 
 Tempo de Execucao: ---> 0.000220 

11497 - [2023-04-29 20:09:10,885] : DEBUG -> ---------------------------
11497 - [2023-04-29 20:09:10,885] : DEBUG -> Running input: /Users/hugolima/GitHub/HugoLima_ws_AA_RR_2022/exp/inputs/rand.txt - Time 1
11497 - [2023-04-29 20:09:10,890] : DEBUG -> Program output: - Time 1
11497 - [2023-04-29 20:09:10,890] : DEBUG -> ---------------------------
11497 - [2023-04-29 20:09:10,890] : DEBUG -> 
 Tempo de Execucao: ---> 0.000250 

11497 - [2023-04-29 20:09:10,890] : DEBUG -> ---------------------------
11497 - [2023-04-29 20:09:10,890] : DEBUG -> Running input: /Users/hugolima/GitHub/HugoLima_ws_AA_RR_2022/exp/inputs/rand.txt - Time 2
11497 - [2023-04-29 20:09:10,893] : DEBUG -> Program output: - Time 2
11497 - [2023-04-29 20:09:10,893] : DEBUG -> ---------------------------
11497 - [2023-04-29 20:09:10,893] : DEBUG -> 
 Tempo de Execucao: ---> 0.000240 

11497 - [2023-04-29 20:09:10,893] : DEBUG -> ---------------------------
11497 - [2023-04-29 20:09:10,893] : DEBUG -> Running input: /Users/hugolima/GitHub/HugoLima_ws_AA_RR_2022/exp/inputs/rand.txt - Time 3
11497 - [2023-04-29 20:09:10,896] : DEBUG -> Program output: - Time 3
11497 - [2023-04-29 20:09:10,896] : DEBUG -> ---------------------------
11497 - [2023-04-29 20:09:10,896] : DEBUG -> 
 Tempo de Execucao: ---> 0.000120 

11497 - [2023-04-29 20:09:10,896] : DEBUG -> ---------------------------
11497 - [2023-04-29 20:09:10,896] : DEBUG -> Running input: /Users/hugolima/GitHub/HugoLima_ws_AA_RR_2022/exp/inputs/rand.txt - Time 4
11497 - [2023-04-29 20:09:10,898] : DEBUG -> Program output: - Time 4
11497 - [2023-04-29 20:09:10,898] : DEBUG -> ---------------------------
11497 - [2023-04-29 20:09:10,898] : DEBUG -> 
 Tempo de Execucao: ---> 0.000120 

11497 - [2023-04-29 20:09:10,898] : DEBUG -> ---------------------------
11497 - [2023-04-29 20:09:10,898] : DEBUG -> Running input: /Users/hugolima/GitHub/HugoLima_ws_AA_RR_2022/exp/inputs/rand.txt - Time 5
11497 - [2023-04-29 20:09:10,900] : DEBUG -> Program output: - Time 5
11497 - [2023-04-29 20:09:10,900] : DEBUG -> ---------------------------
11497 - [2023-04-29 20:09:10,900] : DEBUG -> 
 Tempo de Execucao: ---> 0.000200 

11497 - [2023-04-29 20:09:10,901] : DEBUG -> ---------------------------
11497 - [2023-04-29 20:09:10,901] : DEBUG -> Running input: /Users/hugolima/GitHub/HugoLima_ws_AA_RR_2022/exp/inputs/rand.txt - Time 6
11497 - [2023-04-29 20:09:10,903] : DEBUG -> Program output: - Time 6
11497 - [2023-04-29 20:09:10,903] : DEBUG -> ---------------------------
11497 - [2023-04-29 20:09:10,903] : DEBUG -> 
 Tempo de Execucao: ---> 0.000180 

11497 - [2023-04-29 20:09:10,903] : DEBUG -> ---------------------------
11497 - [2023-04-29 20:09:10,903] : DEBUG -> Running input: /Users/hugolima/GitHub/HugoLima_ws_AA_RR_2022/exp/inputs/rand.txt - Time 7
11497 - [2023-04-29 20:09:10,905] : DEBUG -> Program output: - Time 7
11497 - [2023-04-29 20:09:10,905] : DEBUG -> ---------------------------
11497 - [2023-04-29 20:09:10,905] : DEBUG -> 
 Tempo de Execucao: ---> 0.000170 

11497 - [2023-04-29 20:09:10,905] : DEBUG -> ---------------------------
11497 - [2023-04-29 20:09:10,905] : DEBUG -> Running input: /Users/hugolima/GitHub/HugoLima_ws_AA_RR_2022/exp/inputs/rand.txt - Time 8
11497 - [2023-04-29 20:09:10,907] : DEBUG -> Program output: - Time 8
11497 - [2023-04-29 20:09:10,907] : DEBUG -> ---------------------------
11497 - [2023-04-29 20:09:10,907] : DEBUG -> 
 Tempo de Execucao: ---> 0.000110 

11497 - [2023-04-29 20:09:10,907] : DEBUG -> ---------------------------
11497 - [2023-04-29 20:09:10,907] : DEBUG -> Running input: /Users/hugolima/GitHub/HugoLima_ws_AA_RR_2022/exp/inputs/rand.txt - Time 9
11497 - [2023-04-29 20:09:10,909] : DEBUG -> Program output: - Time 9
11497 - [2023-04-29 20:09:10,909] : DEBUG -> ---------------------------
11497 - [2023-04-29 20:09:10,909] : DEBUG -> 
 Tempo de Execucao: ---> 0.000110 

11497 - [2023-04-29 20:09:10,909] : DEBUG -> ---------------------------
11497 - [2023-04-29 20:09:10,909] : DEBUG -> Running input: /Users/hugolima/GitHub/HugoLima_ws_AA_RR_2022/exp/inputs/rand.txt - Time 10
11497 - [2023-04-29 20:09:10,911] : DEBUG -> Program output: - Time 10
11497 - [2023-04-29 20:09:10,911] : DEBUG -> ---------------------------
11497 - [2023-04-29 20:09:10,911] : DEBUG -> 
 Tempo de Execucao: ---> 0.000110 

11497 - [2023-04-29 20:09:10,911] : DEBUG -> ---------------------------
11497 - [2023-04-29 20:09:10,911] : DEBUG -> Running input: /Users/hugolima/GitHub/HugoLima_ws_AA_RR_2022/exp/inputs/rand.txt - Time 11
11497 - [2023-04-29 20:09:10,913] : DEBUG -> Program output: - Time 11
11497 - [2023-04-29 20:09:10,913] : DEBUG -> ---------------------------
11497 - [2023-04-29 20:09:10,913] : DEBUG -> 
 Tempo de Execucao: ---> 0.000150 

11497 - [2023-04-29 20:09:10,913] : DEBUG -> ---------------------------
11497 - [2023-04-29 20:09:10,913] : DEBUG -> Running input: /Users/hugolima/GitHub/HugoLima_ws_AA_RR_2022/exp/inputs/rand.txt - Time 12
11497 - [2023-04-29 20:09:10,915] : DEBUG -> Program output: - Time 12
11497 - [2023-04-29 20:09:10,915] : DEBUG -> ---------------------------
11497 - [2023-04-29 20:09:10,915] : DEBUG -> 
 Tempo de Execucao: ---> 0.000110 

11497 - [2023-04-29 20:09:10,915] : DEBUG -> ---------------------------
11497 - [2023-04-29 20:09:10,915] : DEBUG -> Running input: /Users/hugolima/GitHub/HugoLima_ws_AA_RR_2022/exp/inputs/asc1k.txt - Time 0
11497 - [2023-04-29 20:09:10,917] : DEBUG -> Program output: - Time 0
11497 - [2023-04-29 20:09:10,917] : DEBUG -> ---------------------------
11497 - [2023-04-29 20:09:10,917] : DEBUG -> 
 Tempo de Execucao: ---> 0.001190 

11497 - [2023-04-29 20:09:10,917] : DEBUG -> ---------------------------
11497 - [2023-04-29 20:09:10,917] : DEBUG -> Running input: /Users/hugolima/GitHub/HugoLima_ws_AA_RR_2022/exp/inputs/asc1k.txt - Time 1
11497 - [2023-04-29 20:09:10,919] : DEBUG -> Program output: - Time 1
11497 - [2023-04-29 20:09:10,919] : DEBUG -> ---------------------------
11497 - [2023-04-29 20:09:10,919] : DEBUG -> 
 Tempo de Execucao: ---> 0.001460 

11497 - [2023-04-29 20:09:10,919] : DEBUG -> ---------------------------
11497 - [2023-04-29 20:09:10,919] : DEBUG -> Running input: /Users/hugolima/GitHub/HugoLima_ws_AA_RR_2022/exp/inputs/asc1k.txt - Time 2
11497 - [2023-04-29 20:09:10,921] : DEBUG -> Program output: - Time 2
11497 - [2023-04-29 20:09:10,921] : DEBUG -> ---------------------------
11497 - [2023-04-29 20:09:10,921] : DEBUG -> 
 Tempo de Execucao: ---> 0.001390 

11497 - [2023-04-29 20:09:10,921] : DEBUG -> ---------------------------
11497 - [2023-04-29 20:09:10,921] : DEBUG -> Running input: /Users/hugolima/GitHub/HugoLima_ws_AA_RR_2022/exp/inputs/asc1k.txt - Time 3
11497 - [2023-04-29 20:09:10,923] : DEBUG -> Program output: - Time 3
11497 - [2023-04-29 20:09:10,923] : DEBUG -> ---------------------------
11497 - [2023-04-29 20:09:10,923] : DEBUG -> 
 Tempo de Execucao: ---> 0.001190 

11497 - [2023-04-29 20:09:10,923] : DEBUG -> ---------------------------
11497 - [2023-04-29 20:09:10,923] : DEBUG -> Running input: /Users/hugolima/GitHub/HugoLima_ws_AA_RR_2022/exp/inputs/asc1k.txt - Time 4
11497 - [2023-04-29 20:09:10,925] : DEBUG -> Program output: - Time 4
11497 - [2023-04-29 20:09:10,925] : DEBUG -> ---------------------------
11497 - [2023-04-29 20:09:10,925] : DEBUG -> 
 Tempo de Execucao: ---> 0.001290 

11497 - [2023-04-29 20:09:10,925] : DEBUG -> ---------------------------
11497 - [2023-04-29 20:09:10,925] : DEBUG -> Running input: /Users/hugolima/GitHub/HugoLima_ws_AA_RR_2022/exp/inputs/asc1k.txt - Time 5
11497 - [2023-04-29 20:09:10,926] : DEBUG -> Program output: - Time 5
11497 - [2023-04-29 20:09:10,926] : DEBUG -> ---------------------------
11497 - [2023-04-29 20:09:10,926] : DEBUG -> 
 Tempo de Execucao: ---> 0.001270 

11497 - [2023-04-29 20:09:10,926] : DEBUG -> ---------------------------
11497 - [2023-04-29 20:09:10,926] : DEBUG -> Running input: /Users/hugolima/GitHub/HugoLima_ws_AA_RR_2022/exp/inputs/asc1k.txt - Time 6
11497 - [2023-04-29 20:09:10,928] : DEBUG -> Program output: - Time 6
11497 - [2023-04-29 20:09:10,928] : DEBUG -> ---------------------------
11497 - [2023-04-29 20:09:10,928] : DEBUG -> 
 Tempo de Execucao: ---> 0.001280 

11497 - [2023-04-29 20:09:10,928] : DEBUG -> ---------------------------
11497 - [2023-04-29 20:09:10,928] : DEBUG -> Running input: /Users/hugolima/GitHub/HugoLima_ws_AA_RR_2022/exp/inputs/asc1k.txt - Time 7
11497 - [2023-04-29 20:09:10,930] : DEBUG -> Program output: - Time 7
11497 - [2023-04-29 20:09:10,930] : DEBUG -> ---------------------------
11497 - [2023-04-29 20:09:10,930] : DEBUG -> 
 Tempo de Execucao: ---> 0.001280 

11497 - [2023-04-29 20:09:10,930] : DEBUG -> ---------------------------
11497 - [2023-04-29 20:09:10,930] : DEBUG -> Running input: /Users/hugolima/GitHub/HugoLima_ws_AA_RR_2022/exp/inputs/asc1k.txt - Time 8
11497 - [2023-04-29 20:09:10,932] : DEBUG -> Program output: - Time 8
11497 - [2023-04-29 20:09:10,932] : DEBUG -> ---------------------------
11497 - [2023-04-29 20:09:10,932] : DEBUG -> 
 Tempo de Execucao: ---> 0.001280 

11497 - [2023-04-29 20:09:10,932] : DEBUG -> ---------------------------
11497 - [2023-04-29 20:09:10,932] : DEBUG -> Running input: /Users/hugolima/GitHub/HugoLima_ws_AA_RR_2022/exp/inputs/asc1k.txt - Time 9
11497 - [2023-04-29 20:09:10,933] : DEBUG -> Program output: - Time 9
11497 - [2023-04-29 20:09:10,933] : DEBUG -> ---------------------------
11497 - [2023-04-29 20:09:10,933] : DEBUG -> 
 Tempo de Execucao: ---> 0.001190 

11497 - [2023-04-29 20:09:10,933] : DEBUG -> ---------------------------
11497 - [2023-04-29 20:09:10,933] : DEBUG -> Running input: /Users/hugolima/GitHub/HugoLima_ws_AA_RR_2022/exp/inputs/asc1k.txt - Time 10
11497 - [2023-04-29 20:09:10,935] : DEBUG -> Program output: - Time 10
11497 - [2023-04-29 20:09:10,935] : DEBUG -> ---------------------------
11497 - [2023-04-29 20:09:10,935] : DEBUG -> 
 Tempo de Execucao: ---> 0.001190 

11497 - [2023-04-29 20:09:10,935] : DEBUG -> ---------------------------
11497 - [2023-04-29 20:09:10,935] : DEBUG -> Running input: /Users/hugolima/GitHub/HugoLima_ws_AA_RR_2022/exp/inputs/asc1k.txt - Time 11
11497 - [2023-04-29 20:09:10,937] : DEBUG -> Program output: - Time 11
11497 - [2023-04-29 20:09:10,937] : DEBUG -> ---------------------------
11497 - [2023-04-29 20:09:10,937] : DEBUG -> 
 Tempo de Execucao: ---> 0.001200 

11497 - [2023-04-29 20:09:10,937] : DEBUG -> ---------------------------
11497 - [2023-04-29 20:09:10,937] : DEBUG -> Running input: /Users/hugolima/GitHub/HugoLima_ws_AA_RR_2022/exp/inputs/asc1k.txt - Time 12
11497 - [2023-04-29 20:09:10,938] : DEBUG -> Program output: - Time 12
11497 - [2023-04-29 20:09:10,938] : DEBUG -> ---------------------------
11497 - [2023-04-29 20:09:10,938] : DEBUG -> 
 Tempo de Execucao: ---> 0.001120 

11497 - [2023-04-29 20:09:10,938] : DEBUG -> ---------------------------
11497 - [2023-04-29 20:09:10,938] : DEBUG -> Running input: /Users/hugolima/GitHub/HugoLima_ws_AA_RR_2022/exp/inputs/.DS_Store - Time 0
11497 - [2023-04-29 20:09:10,940] : DEBUG -> Program output: - Time 0
11497 - [2023-04-29 20:09:10,940] : DEBUG -> ---------------------------
11497 - [2023-04-29 20:09:10,940] : DEBUG -> 
 Tempo de Execucao: ---> 0.000010 

11497 - [2023-04-29 20:09:10,940] : DEBUG -> ---------------------------
11497 - [2023-04-29 20:09:10,940] : DEBUG -> Running input: /Users/hugolima/GitHub/HugoLima_ws_AA_RR_2022/exp/inputs/.DS_Store - Time 1
11497 - [2023-04-29 20:09:10,941] : DEBUG -> Program output: - Time 1
11497 - [2023-04-29 20:09:10,941] : DEBUG -> ---------------------------
11497 - [2023-04-29 20:09:10,941] : DEBUG -> 
 Tempo de Execucao: ---> 0.000010 

11497 - [2023-04-29 20:09:10,941] : DEBUG -> ---------------------------
11497 - [2023-04-29 20:09:10,941] : DEBUG -> Running input: /Users/hugolima/GitHub/HugoLima_ws_AA_RR_2022/exp/inputs/.DS_Store - Time 2
11497 - [2023-04-29 20:09:10,942] : DEBUG -> Program output: - Time 2
11497 - [2023-04-29 20:09:10,943] : DEBUG -> ---------------------------
11497 - [2023-04-29 20:09:10,943] : DEBUG -> 
 Tempo de Execucao: ---> 0.000020 

11497 - [2023-04-29 20:09:10,943] : DEBUG -> ---------------------------
11497 - [2023-04-29 20:09:10,943] : DEBUG -> Running input: /Users/hugolima/GitHub/HugoLima_ws_AA_RR_2022/exp/inputs/.DS_Store - Time 3
11497 - [2023-04-29 20:09:10,944] : DEBUG -> Program output: - Time 3
11497 - [2023-04-29 20:09:10,944] : DEBUG -> ---------------------------
11497 - [2023-04-29 20:09:10,944] : DEBUG -> 
 Tempo de Execucao: ---> 0.000020 

11497 - [2023-04-29 20:09:10,944] : DEBUG -> ---------------------------
11497 - [2023-04-29 20:09:10,944] : DEBUG -> Running input: /Users/hugolima/GitHub/HugoLima_ws_AA_RR_2022/exp/inputs/.DS_Store - Time 4
11497 - [2023-04-29 20:09:10,945] : DEBUG -> Program output: - Time 4
11497 - [2023-04-29 20:09:10,945] : DEBUG -> ---------------------------
11497 - [2023-04-29 20:09:10,945] : DEBUG -> 
 Tempo de Execucao: ---> 0.000020 

11497 - [2023-04-29 20:09:10,945] : DEBUG -> ---------------------------
11497 - [2023-04-29 20:09:10,945] : DEBUG -> Running input: /Users/hugolima/GitHub/HugoLima_ws_AA_RR_2022/exp/inputs/.DS_Store - Time 5
11497 - [2023-04-29 20:09:10,946] : DEBUG -> Program output: - Time 5
11497 - [2023-04-29 20:09:10,947] : DEBUG -> ---------------------------
11497 - [2023-04-29 20:09:10,947] : DEBUG -> 
 Tempo de Execucao: ---> 0.000010 

11497 - [2023-04-29 20:09:10,947] : DEBUG -> ---------------------------
11497 - [2023-04-29 20:09:10,947] : DEBUG -> Running input: /Users/hugolima/GitHub/HugoLima_ws_AA_RR_2022/exp/inputs/.DS_Store - Time 6
11497 - [2023-04-29 20:09:10,948] : DEBUG -> Program output: - Time 6
11497 - [2023-04-29 20:09:10,948] : DEBUG -> ---------------------------
11497 - [2023-04-29 20:09:10,948] : DEBUG -> 
 Tempo de Execucao: ---> 0.000010 

11497 - [2023-04-29 20:09:10,948] : DEBUG -> ---------------------------
11497 - [2023-04-29 20:09:10,948] : DEBUG -> Running input: /Users/hugolima/GitHub/HugoLima_ws_AA_RR_2022/exp/inputs/.DS_Store - Time 7
11497 - [2023-04-29 20:09:10,949] : DEBUG -> Program output: - Time 7
11497 - [2023-04-29 20:09:10,949] : DEBUG -> ---------------------------
11497 - [2023-04-29 20:09:10,949] : DEBUG -> 
 Tempo de Execucao: ---> 0.000010 

11497 - [2023-04-29 20:09:10,949] : DEBUG -> ---------------------------
11497 - [2023-04-29 20:09:10,949] : DEBUG -> Running input: /Users/hugolima/GitHub/HugoLima_ws_AA_RR_2022/exp/inputs/.DS_Store - Time 8
11497 - [2023-04-29 20:09:10,950] : DEBUG -> Program output: - Time 8
11497 - [2023-04-29 20:09:10,950] : DEBUG -> ---------------------------
11497 - [2023-04-29 20:09:10,950] : DEBUG -> 
 Tempo de Execucao: ---> 0.000010 

11497 - [2023-04-29 20:09:10,950] : DEBUG -> ---------------------------
11497 - [2023-04-29 20:09:10,950] : DEBUG -> Running input: /Users/hugolima/GitHub/HugoLima_ws_AA_RR_2022/exp/inputs/.DS_Store - Time 9
11497 - [2023-04-29 20:09:10,952] : DEBUG -> Program output: - Time 9
11497 - [2023-04-29 20:09:10,952] : DEBUG -> ---------------------------
11497 - [2023-04-29 20:09:10,952] : DEBUG -> 
 Tempo de Execucao: ---> 0.000010 

11497 - [2023-04-29 20:09:10,952] : DEBUG -> ---------------------------
11497 - [2023-04-29 20:09:10,952] : DEBUG -> Running input: /Users/hugolima/GitHub/HugoLima_ws_AA_RR_2022/exp/inputs/.DS_Store - Time 10
11497 - [2023-04-29 20:09:10,953] : DEBUG -> Program output: - Time 10
11497 - [2023-04-29 20:09:10,953] : DEBUG -> ---------------------------
11497 - [2023-04-29 20:09:10,953] : DEBUG -> 
 Tempo de Execucao: ---> 0.000010 

11497 - [2023-04-29 20:09:10,953] : DEBUG -> ---------------------------
11497 - [2023-04-29 20:09:10,953] : DEBUG -> Running input: /Users/hugolima/GitHub/HugoLima_ws_AA_RR_2022/exp/inputs/.DS_Store - Time 11
11497 - [2023-04-29 20:09:10,954] : DEBUG -> Program output: - Time 11
11497 - [2023-04-29 20:09:10,954] : DEBUG -> ---------------------------
11497 - [2023-04-29 20:09:10,954] : DEBUG -> 
 Tempo de Execucao: ---> 0.000010 

11497 - [2023-04-29 20:09:10,954] : DEBUG -> ---------------------------
11497 - [2023-04-29 20:09:10,954] : DEBUG -> Running input: /Users/hugolima/GitHub/HugoLima_ws_AA_RR_2022/exp/inputs/.DS_Store - Time 12
11497 - [2023-04-29 20:09:10,955] : DEBUG -> Program output: - Time 12
11497 - [2023-04-29 20:09:10,955] : DEBUG -> ---------------------------
11497 - [2023-04-29 20:09:10,955] : DEBUG -> 
 Tempo de Execucao: ---> 0.000010 

11497 - [2023-04-29 20:09:10,955] : DEBUG -> ---------------------------
11497 - [2023-04-29 20:09:10,955] : DEBUG -> Running input: /Users/hugolima/GitHub/HugoLima_ws_AA_RR_2022/exp/inputs/desc10k.txt - Time 0
11497 - [2023-04-29 20:09:10,959] : DEBUG -> Program output: - Time 0
11497 - [2023-04-29 20:09:10,959] : DEBUG -> ---------------------------
11497 - [2023-04-29 20:09:10,959] : DEBUG -> 
 Tempo de Execucao: ---> 0.011610 

11497 - [2023-04-29 20:09:10,959] : DEBUG -> ---------------------------
11497 - [2023-04-29 20:09:10,959] : DEBUG -> Running input: /Users/hugolima/GitHub/HugoLima_ws_AA_RR_2022/exp/inputs/desc10k.txt - Time 1
11497 - [2023-04-29 20:09:10,962] : DEBUG -> Program output: - Time 1
11497 - [2023-04-29 20:09:10,962] : DEBUG -> ---------------------------
11497 - [2023-04-29 20:09:10,962] : DEBUG -> 
 Tempo de Execucao: ---> 0.011890 

11497 - [2023-04-29 20:09:10,962] : DEBUG -> ---------------------------
11497 - [2023-04-29 20:09:10,962] : DEBUG -> Running input: /Users/hugolima/GitHub/HugoLima_ws_AA_RR_2022/exp/inputs/desc10k.txt - Time 2
11497 - [2023-04-29 20:09:10,965] : DEBUG -> Program output: - Time 2
11497 - [2023-04-29 20:09:10,965] : DEBUG -> ---------------------------
11497 - [2023-04-29 20:09:10,965] : DEBUG -> 
 Tempo de Execucao: ---> 0.011470 

11497 - [2023-04-29 20:09:10,965] : DEBUG -> ---------------------------
11497 - [2023-04-29 20:09:10,965] : DEBUG -> Running input: /Users/hugolima/GitHub/HugoLima_ws_AA_RR_2022/exp/inputs/desc10k.txt - Time 3
11497 - [2023-04-29 20:09:10,968] : DEBUG -> Program output: - Time 3
11497 - [2023-04-29 20:09:10,968] : DEBUG -> ---------------------------
11497 - [2023-04-29 20:09:10,968] : DEBUG -> 
 Tempo de Execucao: ---> 0.011290 

11497 - [2023-04-29 20:09:10,968] : DEBUG -> ---------------------------
11497 - [2023-04-29 20:09:10,968] : DEBUG -> Running input: /Users/hugolima/GitHub/HugoLima_ws_AA_RR_2022/exp/inputs/desc10k.txt - Time 4
11497 - [2023-04-29 20:09:10,971] : DEBUG -> Program output: - Time 4
11497 - [2023-04-29 20:09:10,971] : DEBUG -> ---------------------------
11497 - [2023-04-29 20:09:10,971] : DEBUG -> 
 Tempo de Execucao: ---> 0.010880 

11497 - [2023-04-29 20:09:10,971] : DEBUG -> ---------------------------
11497 - [2023-04-29 20:09:10,971] : DEBUG -> Running input: /Users/hugolima/GitHub/HugoLima_ws_AA_RR_2022/exp/inputs/desc10k.txt - Time 5
11497 - [2023-04-29 20:09:10,974] : DEBUG -> Program output: - Time 5
11497 - [2023-04-29 20:09:10,974] : DEBUG -> ---------------------------
11497 - [2023-04-29 20:09:10,974] : DEBUG -> 
 Tempo de Execucao: ---> 0.011010 

11497 - [2023-04-29 20:09:10,974] : DEBUG -> ---------------------------
11497 - [2023-04-29 20:09:10,974] : DEBUG -> Running input: /Users/hugolima/GitHub/HugoLima_ws_AA_RR_2022/exp/inputs/desc10k.txt - Time 6
11497 - [2023-04-29 20:09:10,977] : DEBUG -> Program output: - Time 6
11497 - [2023-04-29 20:09:10,977] : DEBUG -> ---------------------------
11497 - [2023-04-29 20:09:10,977] : DEBUG -> 
 Tempo de Execucao: ---> 0.010830 

11497 - [2023-04-29 20:09:10,977] : DEBUG -> ---------------------------
11497 - [2023-04-29 20:09:10,977] : DEBUG -> Running input: /Users/hugolima/GitHub/HugoLima_ws_AA_RR_2022/exp/inputs/desc10k.txt - Time 7
11497 - [2023-04-29 20:09:10,979] : DEBUG -> Program output: - Time 7
11497 - [2023-04-29 20:09:10,979] : DEBUG -> ---------------------------
11497 - [2023-04-29 20:09:10,979] : DEBUG -> 
 Tempo de Execucao: ---> 0.010660 

11497 - [2023-04-29 20:09:10,979] : DEBUG -> ---------------------------
11497 - [2023-04-29 20:09:10,979] : DEBUG -> Running input: /Users/hugolima/GitHub/HugoLima_ws_AA_RR_2022/exp/inputs/desc10k.txt - Time 8
11497 - [2023-04-29 20:09:10,982] : DEBUG -> Program output: - Time 8
11497 - [2023-04-29 20:09:10,982] : DEBUG -> ---------------------------
11497 - [2023-04-29 20:09:10,982] : DEBUG -> 
 Tempo de Execucao: ---> 0.010570 

11497 - [2023-04-29 20:09:10,982] : DEBUG -> ---------------------------
11497 - [2023-04-29 20:09:10,982] : DEBUG -> Running input: /Users/hugolima/GitHub/HugoLima_ws_AA_RR_2022/exp/inputs/desc10k.txt - Time 9
11497 - [2023-04-29 20:09:10,985] : DEBUG -> Program output: - Time 9
11497 - [2023-04-29 20:09:10,985] : DEBUG -> ---------------------------
11497 - [2023-04-29 20:09:10,985] : DEBUG -> 
 Tempo de Execucao: ---> 0.010390 

11497 - [2023-04-29 20:09:10,985] : DEBUG -> ---------------------------
11497 - [2023-04-29 20:09:10,985] : DEBUG -> Running input: /Users/hugolima/GitHub/HugoLima_ws_AA_RR_2022/exp/inputs/desc10k.txt - Time 10
11497 - [2023-04-29 20:09:10,988] : DEBUG -> Program output: - Time 10
11497 - [2023-04-29 20:09:10,988] : DEBUG -> ---------------------------
11497 - [2023-04-29 20:09:10,988] : DEBUG -> 
 Tempo de Execucao: ---> 0.010870 

11497 - [2023-04-29 20:09:10,988] : DEBUG -> ---------------------------
11497 - [2023-04-29 20:09:10,988] : DEBUG -> Running input: /Users/hugolima/GitHub/HugoLima_ws_AA_RR_2022/exp/inputs/desc10k.txt - Time 11
11497 - [2023-04-29 20:09:10,991] : DEBUG -> Program output: - Time 11
11497 - [2023-04-29 20:09:10,991] : DEBUG -> ---------------------------
11497 - [2023-04-29 20:09:10,991] : DEBUG -> 
 Tempo de Execucao: ---> 0.010310 

11497 - [2023-04-29 20:09:10,991] : DEBUG -> ---------------------------
11497 - [2023-04-29 20:09:10,991] : DEBUG -> Running input: /Users/hugolima/GitHub/HugoLima_ws_AA_RR_2022/exp/inputs/desc10k.txt - Time 12
11497 - [2023-04-29 20:09:10,994] : DEBUG -> Program output: - Time 12
11497 - [2023-04-29 20:09:10,994] : DEBUG -> ---------------------------
11497 - [2023-04-29 20:09:10,994] : DEBUG -> 
 Tempo de Execucao: ---> 0.010500 

11497 - [2023-04-29 20:09:10,994] : DEBUG -> ---------------------------
11497 - [2023-04-29 20:09:10,994] : DEBUG -> Running input: /Users/hugolima/GitHub/HugoLima_ws_AA_RR_2022/exp/inputs/rand1k.txt - Time 0
11497 - [2023-04-29 20:09:10,996] : DEBUG -> Program output: - Time 0
11497 - [2023-04-29 20:09:10,996] : DEBUG -> ---------------------------
11497 - [2023-04-29 20:09:10,996] : DEBUG -> 
 Tempo de Execucao: ---> 0.001030 

11497 - [2023-04-29 20:09:10,996] : DEBUG -> ---------------------------
11497 - [2023-04-29 20:09:10,996] : DEBUG -> Running input: /Users/hugolima/GitHub/HugoLima_ws_AA_RR_2022/exp/inputs/rand1k.txt - Time 1
11497 - [2023-04-29 20:09:10,997] : DEBUG -> Program output: - Time 1
11497 - [2023-04-29 20:09:10,997] : DEBUG -> ---------------------------
11497 - [2023-04-29 20:09:10,997] : DEBUG -> 
 Tempo de Execucao: ---> 0.001040 

11497 - [2023-04-29 20:09:10,997] : DEBUG -> ---------------------------
11497 - [2023-04-29 20:09:10,997] : DEBUG -> Running input: /Users/hugolima/GitHub/HugoLima_ws_AA_RR_2022/exp/inputs/rand1k.txt - Time 2
11497 - [2023-04-29 20:09:10,999] : DEBUG -> Program output: - Time 2
11497 - [2023-04-29 20:09:10,999] : DEBUG -> ---------------------------
11497 - [2023-04-29 20:09:10,999] : DEBUG -> 
 Tempo de Execucao: ---> 0.001030 

11497 - [2023-04-29 20:09:10,999] : DEBUG -> ---------------------------
11497 - [2023-04-29 20:09:10,999] : DEBUG -> Running input: /Users/hugolima/GitHub/HugoLima_ws_AA_RR_2022/exp/inputs/rand1k.txt - Time 3
11497 - [2023-04-29 20:09:11,000] : DEBUG -> Program output: - Time 3
11497 - [2023-04-29 20:09:11,000] : DEBUG -> ---------------------------
11497 - [2023-04-29 20:09:11,000] : DEBUG -> 
 Tempo de Execucao: ---> 0.001030 

11497 - [2023-04-29 20:09:11,000] : DEBUG -> ---------------------------
11497 - [2023-04-29 20:09:11,000] : DEBUG -> Running input: /Users/hugolima/GitHub/HugoLima_ws_AA_RR_2022/exp/inputs/rand1k.txt - Time 4
11497 - [2023-04-29 20:09:11,001] : DEBUG -> Program output: - Time 4
11497 - [2023-04-29 20:09:11,001] : DEBUG -> ---------------------------
11497 - [2023-04-29 20:09:11,001] : DEBUG -> 
 Tempo de Execucao: ---> 0.001030 

11497 - [2023-04-29 20:09:11,001] : DEBUG -> ---------------------------
11497 - [2023-04-29 20:09:11,001] : DEBUG -> Running input: /Users/hugolima/GitHub/HugoLima_ws_AA_RR_2022/exp/inputs/rand1k.txt - Time 5
11497 - [2023-04-29 20:09:11,003] : DEBUG -> Program output: - Time 5
11497 - [2023-04-29 20:09:11,003] : DEBUG -> ---------------------------
11497 - [2023-04-29 20:09:11,003] : DEBUG -> 
 Tempo de Execucao: ---> 0.001050 

11497 - [2023-04-29 20:09:11,003] : DEBUG -> ---------------------------
11497 - [2023-04-29 20:09:11,003] : DEBUG -> Running input: /Users/hugolima/GitHub/HugoLima_ws_AA_RR_2022/exp/inputs/rand1k.txt - Time 6
11497 - [2023-04-29 20:09:11,004] : DEBUG -> Program output: - Time 6
11497 - [2023-04-29 20:09:11,004] : DEBUG -> ---------------------------
11497 - [2023-04-29 20:09:11,004] : DEBUG -> 
 Tempo de Execucao: ---> 0.001040 

11497 - [2023-04-29 20:09:11,004] : DEBUG -> ---------------------------
11497 - [2023-04-29 20:09:11,004] : DEBUG -> Running input: /Users/hugolima/GitHub/HugoLima_ws_AA_RR_2022/exp/inputs/rand1k.txt - Time 7
11497 - [2023-04-29 20:09:11,005] : DEBUG -> Program output: - Time 7
11497 - [2023-04-29 20:09:11,005] : DEBUG -> ---------------------------
11497 - [2023-04-29 20:09:11,005] : DEBUG -> 
 Tempo de Execucao: ---> 0.001040 

11497 - [2023-04-29 20:09:11,005] : DEBUG -> ---------------------------
11497 - [2023-04-29 20:09:11,005] : DEBUG -> Running input: /Users/hugolima/GitHub/HugoLima_ws_AA_RR_2022/exp/inputs/rand1k.txt - Time 8
11497 - [2023-04-29 20:09:11,006] : DEBUG -> Program output: - Time 8
11497 - [2023-04-29 20:09:11,007] : DEBUG -> ---------------------------
11497 - [2023-04-29 20:09:11,007] : DEBUG -> 
 Tempo de Execucao: ---> 0.001050 

11497 - [2023-04-29 20:09:11,007] : DEBUG -> ---------------------------
11497 - [2023-04-29 20:09:11,007] : DEBUG -> Running input: /Users/hugolima/GitHub/HugoLima_ws_AA_RR_2022/exp/inputs/rand1k.txt - Time 9
11497 - [2023-04-29 20:09:11,008] : DEBUG -> Program output: - Time 9
11497 - [2023-04-29 20:09:11,008] : DEBUG -> ---------------------------
11497 - [2023-04-29 20:09:11,008] : DEBUG -> 
 Tempo de Execucao: ---> 0.001020 

11497 - [2023-04-29 20:09:11,008] : DEBUG -> ---------------------------
11497 - [2023-04-29 20:09:11,008] : DEBUG -> Running input: /Users/hugolima/GitHub/HugoLima_ws_AA_RR_2022/exp/inputs/rand1k.txt - Time 10
11497 - [2023-04-29 20:09:11,009] : DEBUG -> Program output: - Time 10
11497 - [2023-04-29 20:09:11,009] : DEBUG -> ---------------------------
11497 - [2023-04-29 20:09:11,009] : DEBUG -> 
 Tempo de Execucao: ---> 0.001030 

11497 - [2023-04-29 20:09:11,009] : DEBUG -> ---------------------------
11497 - [2023-04-29 20:09:11,009] : DEBUG -> Running input: /Users/hugolima/GitHub/HugoLima_ws_AA_RR_2022/exp/inputs/rand1k.txt - Time 11
11497 - [2023-04-29 20:09:11,011] : DEBUG -> Program output: - Time 11
11497 - [2023-04-29 20:09:11,011] : DEBUG -> ---------------------------
11497 - [2023-04-29 20:09:11,011] : DEBUG -> 
 Tempo de Execucao: ---> 0.001040 

11497 - [2023-04-29 20:09:11,011] : DEBUG -> ---------------------------
11497 - [2023-04-29 20:09:11,011] : DEBUG -> Running input: /Users/hugolima/GitHub/HugoLima_ws_AA_RR_2022/exp/inputs/rand1k.txt - Time 12
11497 - [2023-04-29 20:09:11,012] : DEBUG -> Program output: - Time 12
11497 - [2023-04-29 20:09:11,012] : DEBUG -> ---------------------------
11497 - [2023-04-29 20:09:11,012] : DEBUG -> 
 Tempo de Execucao: ---> 0.001040 

11497 - [2023-04-29 20:09:11,012] : DEBUG -> ---------------------------
11497 - [2023-04-29 20:09:11,012] : DEBUG -> Running input: /Users/hugolima/GitHub/HugoLima_ws_AA_RR_2022/exp/inputs/desc500k.txt - Time 0
11497 - [2023-04-29 20:09:11,117] : DEBUG -> Program output: - Time 0
11497 - [2023-04-29 20:09:11,117] : DEBUG -> ---------------------------
11497 - [2023-04-29 20:09:11,117] : DEBUG -> 
 Tempo de Execucao: ---> 0.698030 

11497 - [2023-04-29 20:09:11,117] : DEBUG -> ---------------------------
11497 - [2023-04-29 20:09:11,117] : DEBUG -> Running input: /Users/hugolima/GitHub/HugoLima_ws_AA_RR_2022/exp/inputs/desc500k.txt - Time 1
11497 - [2023-04-29 20:09:11,220] : DEBUG -> Program output: - Time 1
11497 - [2023-04-29 20:09:11,220] : DEBUG -> ---------------------------
11497 - [2023-04-29 20:09:11,220] : DEBUG -> 
 Tempo de Execucao: ---> 0.698350 

11497 - [2023-04-29 20:09:11,220] : DEBUG -> ---------------------------
11497 - [2023-04-29 20:09:11,221] : DEBUG -> Running input: /Users/hugolima/GitHub/HugoLima_ws_AA_RR_2022/exp/inputs/desc500k.txt - Time 2
11497 - [2023-04-29 20:09:11,324] : DEBUG -> Program output: - Time 2
11497 - [2023-04-29 20:09:11,324] : DEBUG -> ---------------------------
11497 - [2023-04-29 20:09:11,324] : DEBUG -> 
 Tempo de Execucao: ---> 0.695390 

11497 - [2023-04-29 20:09:11,324] : DEBUG -> ---------------------------
11497 - [2023-04-29 20:09:11,324] : DEBUG -> Running input: /Users/hugolima/GitHub/HugoLima_ws_AA_RR_2022/exp/inputs/desc500k.txt - Time 3
11497 - [2023-04-29 20:09:11,428] : DEBUG -> Program output: - Time 3
11497 - [2023-04-29 20:09:11,428] : DEBUG -> ---------------------------
11497 - [2023-04-29 20:09:11,428] : DEBUG -> 
 Tempo de Execucao: ---> 0.700980 

11497 - [2023-04-29 20:09:11,428] : DEBUG -> ---------------------------
11497 - [2023-04-29 20:09:11,428] : DEBUG -> Running input: /Users/hugolima/GitHub/HugoLima_ws_AA_RR_2022/exp/inputs/desc500k.txt - Time 4
11497 - [2023-04-29 20:09:11,532] : DEBUG -> Program output: - Time 4
11497 - [2023-04-29 20:09:11,532] : DEBUG -> ---------------------------
11497 - [2023-04-29 20:09:11,532] : DEBUG -> 
 Tempo de Execucao: ---> 0.695670 

11497 - [2023-04-29 20:09:11,532] : DEBUG -> ---------------------------
11497 - [2023-04-29 20:09:11,532] : DEBUG -> Running input: /Users/hugolima/GitHub/HugoLima_ws_AA_RR_2022/exp/inputs/desc500k.txt - Time 5
11497 - [2023-04-29 20:09:11,636] : DEBUG -> Program output: - Time 5
11497 - [2023-04-29 20:09:11,636] : DEBUG -> ---------------------------
11497 - [2023-04-29 20:09:11,636] : DEBUG -> 
 Tempo de Execucao: ---> 0.701030 

11497 - [2023-04-29 20:09:11,636] : DEBUG -> ---------------------------
11497 - [2023-04-29 20:09:11,636] : DEBUG -> Running input: /Users/hugolima/GitHub/HugoLima_ws_AA_RR_2022/exp/inputs/desc500k.txt - Time 6
11497 - [2023-04-29 20:09:11,739] : DEBUG -> Program output: - Time 6
11497 - [2023-04-29 20:09:11,739] : DEBUG -> ---------------------------
11497 - [2023-04-29 20:09:11,739] : DEBUG -> 
 Tempo de Execucao: ---> 0.697800 

11497 - [2023-04-29 20:09:11,739] : DEBUG -> ---------------------------
11497 - [2023-04-29 20:09:11,740] : DEBUG -> Running input: /Users/hugolima/GitHub/HugoLima_ws_AA_RR_2022/exp/inputs/desc500k.txt - Time 7
11497 - [2023-04-29 20:09:11,843] : DEBUG -> Program output: - Time 7
11497 - [2023-04-29 20:09:11,843] : DEBUG -> ---------------------------
11497 - [2023-04-29 20:09:11,843] : DEBUG -> 
 Tempo de Execucao: ---> 0.701490 

11497 - [2023-04-29 20:09:11,843] : DEBUG -> ---------------------------
11497 - [2023-04-29 20:09:11,843] : DEBUG -> Running input: /Users/hugolima/GitHub/HugoLima_ws_AA_RR_2022/exp/inputs/desc500k.txt - Time 8
11497 - [2023-04-29 20:09:11,947] : DEBUG -> Program output: - Time 8
11497 - [2023-04-29 20:09:11,947] : DEBUG -> ---------------------------
11497 - [2023-04-29 20:09:11,947] : DEBUG -> 
 Tempo de Execucao: ---> 0.697450 

11497 - [2023-04-29 20:09:11,947] : DEBUG -> ---------------------------
11497 - [2023-04-29 20:09:11,947] : DEBUG -> Running input: /Users/hugolima/GitHub/HugoLima_ws_AA_RR_2022/exp/inputs/desc500k.txt - Time 9
11497 - [2023-04-29 20:09:12,051] : DEBUG -> Program output: - Time 9
11497 - [2023-04-29 20:09:12,051] : DEBUG -> ---------------------------
11497 - [2023-04-29 20:09:12,051] : DEBUG -> 
 Tempo de Execucao: ---> 0.698990 

11497 - [2023-04-29 20:09:12,051] : DEBUG -> ---------------------------
11497 - [2023-04-29 20:09:12,051] : DEBUG -> Running input: /Users/hugolima/GitHub/HugoLima_ws_AA_RR_2022/exp/inputs/desc500k.txt - Time 10
11497 - [2023-04-29 20:09:12,154] : DEBUG -> Program output: - Time 10
11497 - [2023-04-29 20:09:12,154] : DEBUG -> ---------------------------
11497 - [2023-04-29 20:09:12,154] : DEBUG -> 
 Tempo de Execucao: ---> 0.697120 

11497 - [2023-04-29 20:09:12,154] : DEBUG -> ---------------------------
11497 - [2023-04-29 20:09:12,154] : DEBUG -> Running input: /Users/hugolima/GitHub/HugoLima_ws_AA_RR_2022/exp/inputs/desc500k.txt - Time 11
11497 - [2023-04-29 20:09:12,258] : DEBUG -> Program output: - Time 11
11497 - [2023-04-29 20:09:12,258] : DEBUG -> ---------------------------
11497 - [2023-04-29 20:09:12,258] : DEBUG -> 
 Tempo de Execucao: ---> 0.701200 

11497 - [2023-04-29 20:09:12,258] : DEBUG -> ---------------------------
11497 - [2023-04-29 20:09:12,258] : DEBUG -> Running input: /Users/hugolima/GitHub/HugoLima_ws_AA_RR_2022/exp/inputs/desc500k.txt - Time 12
11497 - [2023-04-29 20:09:12,362] : DEBUG -> Program output: - Time 12
11497 - [2023-04-29 20:09:12,362] : DEBUG -> ---------------------------
11497 - [2023-04-29 20:09:12,362] : DEBUG -> 
 Tempo de Execucao: ---> 0.699520 

11497 - [2023-04-29 20:09:12,362] : DEBUG -> ---------------------------
11497 - [2023-04-29 20:09:12,362] : DEBUG -> Running input: /Users/hugolima/GitHub/HugoLima_ws_AA_RR_2022/exp/inputs/desc1k.txt - Time 0
11497 - [2023-04-29 20:09:12,364] : DEBUG -> Program output: - Time 0
11497 - [2023-04-29 20:09:12,364] : DEBUG -> ---------------------------
11497 - [2023-04-29 20:09:12,364] : DEBUG -> 
 Tempo de Execucao: ---> 0.000870 

11497 - [2023-04-29 20:09:12,364] : DEBUG -> ---------------------------
11497 - [2023-04-29 20:09:12,364] : DEBUG -> Running input: /Users/hugolima/GitHub/HugoLima_ws_AA_RR_2022/exp/inputs/desc1k.txt - Time 1
11497 - [2023-04-29 20:09:12,365] : DEBUG -> Program output: - Time 1
11497 - [2023-04-29 20:09:12,365] : DEBUG -> ---------------------------
11497 - [2023-04-29 20:09:12,365] : DEBUG -> 
 Tempo de Execucao: ---> 0.000840 

11497 - [2023-04-29 20:09:12,365] : DEBUG -> ---------------------------
11497 - [2023-04-29 20:09:12,365] : DEBUG -> Running input: /Users/hugolima/GitHub/HugoLima_ws_AA_RR_2022/exp/inputs/desc1k.txt - Time 2
11497 - [2023-04-29 20:09:12,367] : DEBUG -> Program output: - Time 2
11497 - [2023-04-29 20:09:12,367] : DEBUG -> ---------------------------
11497 - [2023-04-29 20:09:12,367] : DEBUG -> 
 Tempo de Execucao: ---> 0.000850 

11497 - [2023-04-29 20:09:12,367] : DEBUG -> ---------------------------
11497 - [2023-04-29 20:09:12,367] : DEBUG -> Running input: /Users/hugolima/GitHub/HugoLima_ws_AA_RR_2022/exp/inputs/desc1k.txt - Time 3
11497 - [2023-04-29 20:09:12,368] : DEBUG -> Program output: - Time 3
11497 - [2023-04-29 20:09:12,368] : DEBUG -> ---------------------------
11497 - [2023-04-29 20:09:12,368] : DEBUG -> 
 Tempo de Execucao: ---> 0.000880 

11497 - [2023-04-29 20:09:12,368] : DEBUG -> ---------------------------
11497 - [2023-04-29 20:09:12,368] : DEBUG -> Running input: /Users/hugolima/GitHub/HugoLima_ws_AA_RR_2022/exp/inputs/desc1k.txt - Time 4
11497 - [2023-04-29 20:09:12,369] : DEBUG -> Program output: - Time 4
11497 - [2023-04-29 20:09:12,369] : DEBUG -> ---------------------------
11497 - [2023-04-29 20:09:12,369] : DEBUG -> 
 Tempo de Execucao: ---> 0.000850 

11497 - [2023-04-29 20:09:12,369] : DEBUG -> ---------------------------
11497 - [2023-04-29 20:09:12,369] : DEBUG -> Running input: /Users/hugolima/GitHub/HugoLima_ws_AA_RR_2022/exp/inputs/desc1k.txt - Time 5
11497 - [2023-04-29 20:09:12,371] : DEBUG -> Program output: - Time 5
11497 - [2023-04-29 20:09:12,371] : DEBUG -> ---------------------------
11497 - [2023-04-29 20:09:12,371] : DEBUG -> 
 Tempo de Execucao: ---> 0.000860 

11497 - [2023-04-29 20:09:12,371] : DEBUG -> ---------------------------
11497 - [2023-04-29 20:09:12,371] : DEBUG -> Running input: /Users/hugolima/GitHub/HugoLima_ws_AA_RR_2022/exp/inputs/desc1k.txt - Time 6
11497 - [2023-04-29 20:09:12,372] : DEBUG -> Program output: - Time 6
11497 - [2023-04-29 20:09:12,372] : DEBUG -> ---------------------------
11497 - [2023-04-29 20:09:12,372] : DEBUG -> 
 Tempo de Execucao: ---> 0.000860 

11497 - [2023-04-29 20:09:12,372] : DEBUG -> ---------------------------
11497 - [2023-04-29 20:09:12,372] : DEBUG -> Running input: /Users/hugolima/GitHub/HugoLima_ws_AA_RR_2022/exp/inputs/desc1k.txt - Time 7
11497 - [2023-04-29 20:09:12,373] : DEBUG -> Program output: - Time 7
11497 - [2023-04-29 20:09:12,373] : DEBUG -> ---------------------------
11497 - [2023-04-29 20:09:12,373] : DEBUG -> 
 Tempo de Execucao: ---> 0.000830 

11497 - [2023-04-29 20:09:12,373] : DEBUG -> ---------------------------
11497 - [2023-04-29 20:09:12,373] : DEBUG -> Running input: /Users/hugolima/GitHub/HugoLima_ws_AA_RR_2022/exp/inputs/desc1k.txt - Time 8
11497 - [2023-04-29 20:09:12,374] : DEBUG -> Program output: - Time 8
11497 - [2023-04-29 20:09:12,374] : DEBUG -> ---------------------------
11497 - [2023-04-29 20:09:12,375] : DEBUG -> 
 Tempo de Execucao: ---> 0.000860 

11497 - [2023-04-29 20:09:12,375] : DEBUG -> ---------------------------
11497 - [2023-04-29 20:09:12,375] : DEBUG -> Running input: /Users/hugolima/GitHub/HugoLima_ws_AA_RR_2022/exp/inputs/desc1k.txt - Time 9
11497 - [2023-04-29 20:09:12,376] : DEBUG -> Program output: - Time 9
11497 - [2023-04-29 20:09:12,376] : DEBUG -> ---------------------------
11497 - [2023-04-29 20:09:12,376] : DEBUG -> 
 Tempo de Execucao: ---> 0.000850 

11497 - [2023-04-29 20:09:12,376] : DEBUG -> ---------------------------
11497 - [2023-04-29 20:09:12,376] : DEBUG -> Running input: /Users/hugolima/GitHub/HugoLima_ws_AA_RR_2022/exp/inputs/desc1k.txt - Time 10
11497 - [2023-04-29 20:09:12,377] : DEBUG -> Program output: - Time 10
11497 - [2023-04-29 20:09:12,377] : DEBUG -> ---------------------------
11497 - [2023-04-29 20:09:12,377] : DEBUG -> 
 Tempo de Execucao: ---> 0.000850 

11497 - [2023-04-29 20:09:12,377] : DEBUG -> ---------------------------
11497 - [2023-04-29 20:09:12,377] : DEBUG -> Running input: /Users/hugolima/GitHub/HugoLima_ws_AA_RR_2022/exp/inputs/desc1k.txt - Time 11
11497 - [2023-04-29 20:09:12,378] : DEBUG -> Program output: - Time 11
11497 - [2023-04-29 20:09:12,378] : DEBUG -> ---------------------------
11497 - [2023-04-29 20:09:12,378] : DEBUG -> 
 Tempo de Execucao: ---> 0.000840 

11497 - [2023-04-29 20:09:12,378] : DEBUG -> ---------------------------
11497 - [2023-04-29 20:09:12,378] : DEBUG -> Running input: /Users/hugolima/GitHub/HugoLima_ws_AA_RR_2022/exp/inputs/desc1k.txt - Time 12
11497 - [2023-04-29 20:09:12,380] : DEBUG -> Program output: - Time 12
11497 - [2023-04-29 20:09:12,380] : DEBUG -> ---------------------------
11497 - [2023-04-29 20:09:12,380] : DEBUG -> 
 Tempo de Execucao: ---> 0.000850 

11497 - [2023-04-29 20:09:12,380] : DEBUG -> ---------------------------
11497 - [2023-04-29 20:09:12,380] : DEBUG -> Running input: /Users/hugolima/GitHub/HugoLima_ws_AA_RR_2022/exp/inputs/asc500k.txt - Time 0
11497 - [2023-04-29 20:09:12,485] : DEBUG -> Program output: - Time 0
11497 - [2023-04-29 20:09:12,485] : DEBUG -> ---------------------------
11497 - [2023-04-29 20:09:12,485] : DEBUG -> 
 Tempo de Execucao: ---> 0.701650 

11497 - [2023-04-29 20:09:12,485] : DEBUG -> ---------------------------
11497 - [2023-04-29 20:09:12,485] : DEBUG -> Running input: /Users/hugolima/GitHub/HugoLima_ws_AA_RR_2022/exp/inputs/asc500k.txt - Time 1
11497 - [2023-04-29 20:09:12,589] : DEBUG -> Program output: - Time 1
11497 - [2023-04-29 20:09:12,589] : DEBUG -> ---------------------------
11497 - [2023-04-29 20:09:12,589] : DEBUG -> 
 Tempo de Execucao: ---> 0.703490 

11497 - [2023-04-29 20:09:12,589] : DEBUG -> ---------------------------
11497 - [2023-04-29 20:09:12,589] : DEBUG -> Running input: /Users/hugolima/GitHub/HugoLima_ws_AA_RR_2022/exp/inputs/asc500k.txt - Time 2
11497 - [2023-04-29 20:09:12,694] : DEBUG -> Program output: - Time 2
11497 - [2023-04-29 20:09:12,694] : DEBUG -> ---------------------------
11497 - [2023-04-29 20:09:12,694] : DEBUG -> 
 Tempo de Execucao: ---> 0.706420 

11497 - [2023-04-29 20:09:12,694] : DEBUG -> ---------------------------
11497 - [2023-04-29 20:09:12,694] : DEBUG -> Running input: /Users/hugolima/GitHub/HugoLima_ws_AA_RR_2022/exp/inputs/asc500k.txt - Time 3
11497 - [2023-04-29 20:09:12,799] : DEBUG -> Program output: - Time 3
11497 - [2023-04-29 20:09:12,799] : DEBUG -> ---------------------------
11497 - [2023-04-29 20:09:12,799] : DEBUG -> 
 Tempo de Execucao: ---> 0.707700 

11497 - [2023-04-29 20:09:12,799] : DEBUG -> ---------------------------
11497 - [2023-04-29 20:09:12,799] : DEBUG -> Running input: /Users/hugolima/GitHub/HugoLima_ws_AA_RR_2022/exp/inputs/asc500k.txt - Time 4
11497 - [2023-04-29 20:09:12,904] : DEBUG -> Program output: - Time 4
11497 - [2023-04-29 20:09:12,904] : DEBUG -> ---------------------------
11497 - [2023-04-29 20:09:12,904] : DEBUG -> 
 Tempo de Execucao: ---> 0.707360 

11497 - [2023-04-29 20:09:12,904] : DEBUG -> ---------------------------
11497 - [2023-04-29 20:09:12,904] : DEBUG -> Running input: /Users/hugolima/GitHub/HugoLima_ws_AA_RR_2022/exp/inputs/asc500k.txt - Time 5
11497 - [2023-04-29 20:09:13,009] : DEBUG -> Program output: - Time 5
11497 - [2023-04-29 20:09:13,009] : DEBUG -> ---------------------------
11497 - [2023-04-29 20:09:13,009] : DEBUG -> 
 Tempo de Execucao: ---> 0.707390 

11497 - [2023-04-29 20:09:13,009] : DEBUG -> ---------------------------
11497 - [2023-04-29 20:09:13,009] : DEBUG -> Running input: /Users/hugolima/GitHub/HugoLima_ws_AA_RR_2022/exp/inputs/asc500k.txt - Time 6
11497 - [2023-04-29 20:09:13,114] : DEBUG -> Program output: - Time 6
11497 - [2023-04-29 20:09:13,114] : DEBUG -> ---------------------------
11497 - [2023-04-29 20:09:13,114] : DEBUG -> 
 Tempo de Execucao: ---> 0.705890 

11497 - [2023-04-29 20:09:13,114] : DEBUG -> ---------------------------
11497 - [2023-04-29 20:09:13,114] : DEBUG -> Running input: /Users/hugolima/GitHub/HugoLima_ws_AA_RR_2022/exp/inputs/asc500k.txt - Time 7
11497 - [2023-04-29 20:09:13,218] : DEBUG -> Program output: - Time 7
11497 - [2023-04-29 20:09:13,218] : DEBUG -> ---------------------------
11497 - [2023-04-29 20:09:13,218] : DEBUG -> 
 Tempo de Execucao: ---> 0.704650 

11497 - [2023-04-29 20:09:13,218] : DEBUG -> ---------------------------
11497 - [2023-04-29 20:09:13,218] : DEBUG -> Running input: /Users/hugolima/GitHub/HugoLima_ws_AA_RR_2022/exp/inputs/asc500k.txt - Time 8
11497 - [2023-04-29 20:09:13,323] : DEBUG -> Program output: - Time 8
11497 - [2023-04-29 20:09:13,323] : DEBUG -> ---------------------------
11497 - [2023-04-29 20:09:13,323] : DEBUG -> 
 Tempo de Execucao: ---> 0.708750 

11497 - [2023-04-29 20:09:13,323] : DEBUG -> ---------------------------
11497 - [2023-04-29 20:09:13,323] : DEBUG -> Running input: /Users/hugolima/GitHub/HugoLima_ws_AA_RR_2022/exp/inputs/asc500k.txt - Time 9
11497 - [2023-04-29 20:09:13,428] : DEBUG -> Program output: - Time 9
11497 - [2023-04-29 20:09:13,428] : DEBUG -> ---------------------------
11497 - [2023-04-29 20:09:13,428] : DEBUG -> 
 Tempo de Execucao: ---> 0.705400 

11497 - [2023-04-29 20:09:13,428] : DEBUG -> ---------------------------
11497 - [2023-04-29 20:09:13,428] : DEBUG -> Running input: /Users/hugolima/GitHub/HugoLima_ws_AA_RR_2022/exp/inputs/asc500k.txt - Time 10
11497 - [2023-04-29 20:09:13,532] : DEBUG -> Program output: - Time 10
11497 - [2023-04-29 20:09:13,532] : DEBUG -> ---------------------------
11497 - [2023-04-29 20:09:13,532] : DEBUG -> 
 Tempo de Execucao: ---> 0.701700 

11497 - [2023-04-29 20:09:13,532] : DEBUG -> ---------------------------
11497 - [2023-04-29 20:09:13,532] : DEBUG -> Running input: /Users/hugolima/GitHub/HugoLima_ws_AA_RR_2022/exp/inputs/asc500k.txt - Time 11
11497 - [2023-04-29 20:09:13,636] : DEBUG -> Program output: - Time 11
11497 - [2023-04-29 20:09:13,637] : DEBUG -> ---------------------------
11497 - [2023-04-29 20:09:13,637] : DEBUG -> 
 Tempo de Execucao: ---> 0.704460 

11497 - [2023-04-29 20:09:13,637] : DEBUG -> ---------------------------
11497 - [2023-04-29 20:09:13,637] : DEBUG -> Running input: /Users/hugolima/GitHub/HugoLima_ws_AA_RR_2022/exp/inputs/asc500k.txt - Time 12
11497 - [2023-04-29 20:09:13,741] : DEBUG -> Program output: - Time 12
11497 - [2023-04-29 20:09:13,741] : DEBUG -> ---------------------------
11497 - [2023-04-29 20:09:13,741] : DEBUG -> 
 Tempo de Execucao: ---> 0.701980 

11497 - [2023-04-29 20:09:13,741] : DEBUG -> ---------------------------
11497 - [2023-04-29 20:09:13,741] : DEBUG -> Running input: /Users/hugolima/GitHub/HugoLima_ws_AA_RR_2022/exp/inputs/desc.txt - Time 0
11497 - [2023-04-29 20:09:13,742] : DEBUG -> Program output: - Time 0
11497 - [2023-04-29 20:09:13,742] : DEBUG -> ---------------------------
11497 - [2023-04-29 20:09:13,742] : DEBUG -> 
 Tempo de Execucao: ---> 0.000070 

11497 - [2023-04-29 20:09:13,742] : DEBUG -> ---------------------------
11497 - [2023-04-29 20:09:13,742] : DEBUG -> Running input: /Users/hugolima/GitHub/HugoLima_ws_AA_RR_2022/exp/inputs/desc.txt - Time 1
11497 - [2023-04-29 20:09:13,744] : DEBUG -> Program output: - Time 1
11497 - [2023-04-29 20:09:13,744] : DEBUG -> ---------------------------
11497 - [2023-04-29 20:09:13,744] : DEBUG -> 
 Tempo de Execucao: ---> 0.000070 

11497 - [2023-04-29 20:09:13,744] : DEBUG -> ---------------------------
11497 - [2023-04-29 20:09:13,744] : DEBUG -> Running input: /Users/hugolima/GitHub/HugoLima_ws_AA_RR_2022/exp/inputs/desc.txt - Time 2
11497 - [2023-04-29 20:09:13,745] : DEBUG -> Program output: - Time 2
11497 - [2023-04-29 20:09:13,745] : DEBUG -> ---------------------------
11497 - [2023-04-29 20:09:13,745] : DEBUG -> 
 Tempo de Execucao: ---> 0.000070 

11497 - [2023-04-29 20:09:13,745] : DEBUG -> ---------------------------
11497 - [2023-04-29 20:09:13,745] : DEBUG -> Running input: /Users/hugolima/GitHub/HugoLima_ws_AA_RR_2022/exp/inputs/desc.txt - Time 3
11497 - [2023-04-29 20:09:13,746] : DEBUG -> Program output: - Time 3
11497 - [2023-04-29 20:09:13,746] : DEBUG -> ---------------------------
11497 - [2023-04-29 20:09:13,746] : DEBUG -> 
 Tempo de Execucao: ---> 0.000070 

11497 - [2023-04-29 20:09:13,746] : DEBUG -> ---------------------------
11497 - [2023-04-29 20:09:13,746] : DEBUG -> Running input: /Users/hugolima/GitHub/HugoLima_ws_AA_RR_2022/exp/inputs/desc.txt - Time 4
11497 - [2023-04-29 20:09:13,747] : DEBUG -> Program output: - Time 4
11497 - [2023-04-29 20:09:13,747] : DEBUG -> ---------------------------
11497 - [2023-04-29 20:09:13,747] : DEBUG -> 
 Tempo de Execucao: ---> 0.000070 

11497 - [2023-04-29 20:09:13,747] : DEBUG -> ---------------------------
11497 - [2023-04-29 20:09:13,747] : DEBUG -> Running input: /Users/hugolima/GitHub/HugoLima_ws_AA_RR_2022/exp/inputs/desc.txt - Time 5
11497 - [2023-04-29 20:09:13,749] : DEBUG -> Program output: - Time 5
11497 - [2023-04-29 20:09:13,749] : DEBUG -> ---------------------------
11497 - [2023-04-29 20:09:13,749] : DEBUG -> 
 Tempo de Execucao: ---> 0.000070 

11497 - [2023-04-29 20:09:13,749] : DEBUG -> ---------------------------
11497 - [2023-04-29 20:09:13,749] : DEBUG -> Running input: /Users/hugolima/GitHub/HugoLima_ws_AA_RR_2022/exp/inputs/desc.txt - Time 6
11497 - [2023-04-29 20:09:13,750] : DEBUG -> Program output: - Time 6
11497 - [2023-04-29 20:09:13,750] : DEBUG -> ---------------------------
11497 - [2023-04-29 20:09:13,750] : DEBUG -> 
 Tempo de Execucao: ---> 0.000070 

11497 - [2023-04-29 20:09:13,750] : DEBUG -> ---------------------------
11497 - [2023-04-29 20:09:13,750] : DEBUG -> Running input: /Users/hugolima/GitHub/HugoLima_ws_AA_RR_2022/exp/inputs/desc.txt - Time 7
11497 - [2023-04-29 20:09:13,751] : DEBUG -> Program output: - Time 7
11497 - [2023-04-29 20:09:13,751] : DEBUG -> ---------------------------
11497 - [2023-04-29 20:09:13,751] : DEBUG -> 
 Tempo de Execucao: ---> 0.000060 

11497 - [2023-04-29 20:09:13,751] : DEBUG -> ---------------------------
11497 - [2023-04-29 20:09:13,751] : DEBUG -> Running input: /Users/hugolima/GitHub/HugoLima_ws_AA_RR_2022/exp/inputs/desc.txt - Time 8
11497 - [2023-04-29 20:09:13,752] : DEBUG -> Program output: - Time 8
11497 - [2023-04-29 20:09:13,752] : DEBUG -> ---------------------------
11497 - [2023-04-29 20:09:13,752] : DEBUG -> 
 Tempo de Execucao: ---> 0.000070 

11497 - [2023-04-29 20:09:13,752] : DEBUG -> ---------------------------
11497 - [2023-04-29 20:09:13,752] : DEBUG -> Running input: /Users/hugolima/GitHub/HugoLima_ws_AA_RR_2022/exp/inputs/desc.txt - Time 9
11497 - [2023-04-29 20:09:13,753] : DEBUG -> Program output: - Time 9
11497 - [2023-04-29 20:09:13,753] : DEBUG -> ---------------------------
11497 - [2023-04-29 20:09:13,753] : DEBUG -> 
 Tempo de Execucao: ---> 0.000070 

11497 - [2023-04-29 20:09:13,753] : DEBUG -> ---------------------------
11497 - [2023-04-29 20:09:13,753] : DEBUG -> Running input: /Users/hugolima/GitHub/HugoLima_ws_AA_RR_2022/exp/inputs/desc.txt - Time 10
11497 - [2023-04-29 20:09:13,755] : DEBUG -> Program output: - Time 10
11497 - [2023-04-29 20:09:13,755] : DEBUG -> ---------------------------
11497 - [2023-04-29 20:09:13,755] : DEBUG -> 
 Tempo de Execucao: ---> 0.000070 

11497 - [2023-04-29 20:09:13,755] : DEBUG -> ---------------------------
11497 - [2023-04-29 20:09:13,755] : DEBUG -> Running input: /Users/hugolima/GitHub/HugoLima_ws_AA_RR_2022/exp/inputs/desc.txt - Time 11
11497 - [2023-04-29 20:09:13,756] : DEBUG -> Program output: - Time 11
11497 - [2023-04-29 20:09:13,756] : DEBUG -> ---------------------------
11497 - [2023-04-29 20:09:13,756] : DEBUG -> 
 Tempo de Execucao: ---> 0.000070 

11497 - [2023-04-29 20:09:13,756] : DEBUG -> ---------------------------
11497 - [2023-04-29 20:09:13,756] : DEBUG -> Running input: /Users/hugolima/GitHub/HugoLima_ws_AA_RR_2022/exp/inputs/desc.txt - Time 12
11497 - [2023-04-29 20:09:13,757] : DEBUG -> Program output: - Time 12
11497 - [2023-04-29 20:09:13,757] : DEBUG -> ---------------------------
11497 - [2023-04-29 20:09:13,757] : DEBUG -> 
 Tempo de Execucao: ---> 0.000070 

11497 - [2023-04-29 20:09:13,757] : DEBUG -> ---------------------------
11497 - [2023-04-29 20:09:13,757] : DEBUG -> Running input: /Users/hugolima/GitHub/HugoLima_ws_AA_RR_2022/exp/inputs/asc.txt - Time 0
11497 - [2023-04-29 20:09:13,758] : DEBUG -> Program output: - Time 0
11497 - [2023-04-29 20:09:13,758] : DEBUG -> ---------------------------
11497 - [2023-04-29 20:09:13,758] : DEBUG -> 
 Tempo de Execucao: ---> 0.000100 

11497 - [2023-04-29 20:09:13,758] : DEBUG -> ---------------------------
11497 - [2023-04-29 20:09:13,759] : DEBUG -> Running input: /Users/hugolima/GitHub/HugoLima_ws_AA_RR_2022/exp/inputs/asc.txt - Time 1
11497 - [2023-04-29 20:09:13,760] : DEBUG -> Program output: - Time 1
11497 - [2023-04-29 20:09:13,760] : DEBUG -> ---------------------------
11497 - [2023-04-29 20:09:13,760] : DEBUG -> 
 Tempo de Execucao: ---> 0.000080 

11497 - [2023-04-29 20:09:13,760] : DEBUG -> ---------------------------
11497 - [2023-04-29 20:09:13,760] : DEBUG -> Running input: /Users/hugolima/GitHub/HugoLima_ws_AA_RR_2022/exp/inputs/asc.txt - Time 2
11497 - [2023-04-29 20:09:13,761] : DEBUG -> Program output: - Time 2
11497 - [2023-04-29 20:09:13,761] : DEBUG -> ---------------------------
11497 - [2023-04-29 20:09:13,761] : DEBUG -> 
 Tempo de Execucao: ---> 0.000080 

11497 - [2023-04-29 20:09:13,761] : DEBUG -> ---------------------------
11497 - [2023-04-29 20:09:13,761] : DEBUG -> Running input: /Users/hugolima/GitHub/HugoLima_ws_AA_RR_2022/exp/inputs/asc.txt - Time 3
11497 - [2023-04-29 20:09:13,762] : DEBUG -> Program output: - Time 3
11497 - [2023-04-29 20:09:13,762] : DEBUG -> ---------------------------
11497 - [2023-04-29 20:09:13,762] : DEBUG -> 
 Tempo de Execucao: ---> 0.000080 

11497 - [2023-04-29 20:09:13,762] : DEBUG -> ---------------------------
11497 - [2023-04-29 20:09:13,762] : DEBUG -> Running input: /Users/hugolima/GitHub/HugoLima_ws_AA_RR_2022/exp/inputs/asc.txt - Time 4
11497 - [2023-04-29 20:09:13,763] : DEBUG -> Program output: - Time 4
11497 - [2023-04-29 20:09:13,763] : DEBUG -> ---------------------------
11497 - [2023-04-29 20:09:13,763] : DEBUG -> 
 Tempo de Execucao: ---> 0.000070 

11497 - [2023-04-29 20:09:13,763] : DEBUG -> ---------------------------
11497 - [2023-04-29 20:09:13,763] : DEBUG -> Running input: /Users/hugolima/GitHub/HugoLima_ws_AA_RR_2022/exp/inputs/asc.txt - Time 5
11497 - [2023-04-29 20:09:13,764] : DEBUG -> Program output: - Time 5
11497 - [2023-04-29 20:09:13,765] : DEBUG -> ---------------------------
11497 - [2023-04-29 20:09:13,765] : DEBUG -> 
 Tempo de Execucao: ---> 0.000080 

11497 - [2023-04-29 20:09:13,765] : DEBUG -> ---------------------------
11497 - [2023-04-29 20:09:13,765] : DEBUG -> Running input: /Users/hugolima/GitHub/HugoLima_ws_AA_RR_2022/exp/inputs/asc.txt - Time 6
11497 - [2023-04-29 20:09:13,766] : DEBUG -> Program output: - Time 6
11497 - [2023-04-29 20:09:13,766] : DEBUG -> ---------------------------
11497 - [2023-04-29 20:09:13,766] : DEBUG -> 
 Tempo de Execucao: ---> 0.000080 

11497 - [2023-04-29 20:09:13,766] : DEBUG -> ---------------------------
11497 - [2023-04-29 20:09:13,766] : DEBUG -> Running input: /Users/hugolima/GitHub/HugoLima_ws_AA_RR_2022/exp/inputs/asc.txt - Time 7
11497 - [2023-04-29 20:09:13,767] : DEBUG -> Program output: - Time 7
11497 - [2023-04-29 20:09:13,767] : DEBUG -> ---------------------------
11497 - [2023-04-29 20:09:13,767] : DEBUG -> 
 Tempo de Execucao: ---> 0.000080 

11497 - [2023-04-29 20:09:13,767] : DEBUG -> ---------------------------
11497 - [2023-04-29 20:09:13,767] : DEBUG -> Running input: /Users/hugolima/GitHub/HugoLima_ws_AA_RR_2022/exp/inputs/asc.txt - Time 8
11497 - [2023-04-29 20:09:13,768] : DEBUG -> Program output: - Time 8
11497 - [2023-04-29 20:09:13,768] : DEBUG -> ---------------------------
11497 - [2023-04-29 20:09:13,768] : DEBUG -> 
 Tempo de Execucao: ---> 0.000080 

11497 - [2023-04-29 20:09:13,768] : DEBUG -> ---------------------------
11497 - [2023-04-29 20:09:13,768] : DEBUG -> Running input: /Users/hugolima/GitHub/HugoLima_ws_AA_RR_2022/exp/inputs/asc.txt - Time 9
11497 - [2023-04-29 20:09:13,769] : DEBUG -> Program output: - Time 9
11497 - [2023-04-29 20:09:13,769] : DEBUG -> ---------------------------
11497 - [2023-04-29 20:09:13,769] : DEBUG -> 
 Tempo de Execucao: ---> 0.000080 

11497 - [2023-04-29 20:09:13,769] : DEBUG -> ---------------------------
11497 - [2023-04-29 20:09:13,769] : DEBUG -> Running input: /Users/hugolima/GitHub/HugoLima_ws_AA_RR_2022/exp/inputs/asc.txt - Time 10
11497 - [2023-04-29 20:09:13,770] : DEBUG -> Program output: - Time 10
11497 - [2023-04-29 20:09:13,770] : DEBUG -> ---------------------------
11497 - [2023-04-29 20:09:13,770] : DEBUG -> 
 Tempo de Execucao: ---> 0.000080 

11497 - [2023-04-29 20:09:13,770] : DEBUG -> ---------------------------
11497 - [2023-04-29 20:09:13,770] : DEBUG -> Running input: /Users/hugolima/GitHub/HugoLima_ws_AA_RR_2022/exp/inputs/asc.txt - Time 11
11497 - [2023-04-29 20:09:13,771] : DEBUG -> Program output: - Time 11
11497 - [2023-04-29 20:09:13,771] : DEBUG -> ---------------------------
11497 - [2023-04-29 20:09:13,771] : DEBUG -> 
 Tempo de Execucao: ---> 0.000080 

11497 - [2023-04-29 20:09:13,771] : DEBUG -> ---------------------------
11497 - [2023-04-29 20:09:13,771] : DEBUG -> Running input: /Users/hugolima/GitHub/HugoLima_ws_AA_RR_2022/exp/inputs/asc.txt - Time 12
11497 - [2023-04-29 20:09:13,773] : DEBUG -> Program output: - Time 12
11497 - [2023-04-29 20:09:13,773] : DEBUG -> ---------------------------
11497 - [2023-04-29 20:09:13,773] : DEBUG -> 
 Tempo de Execucao: ---> 0.000080 

11497 - [2023-04-29 20:09:13,773] : DEBUG -> ---------------------------
11497 - [2023-04-29 20:09:13,773] : DEBUG -> Running input: /Users/hugolima/GitHub/HugoLima_ws_AA_RR_2022/exp/inputs/rand10k.txt - Time 0
11497 - [2023-04-29 20:09:13,776] : DEBUG -> Program output: - Time 0
11497 - [2023-04-29 20:09:13,776] : DEBUG -> ---------------------------
11497 - [2023-04-29 20:09:13,776] : DEBUG -> 
 Tempo de Execucao: ---> 0.013700 

11497 - [2023-04-29 20:09:13,776] : DEBUG -> ---------------------------
11497 - [2023-04-29 20:09:13,776] : DEBUG -> Running input: /Users/hugolima/GitHub/HugoLima_ws_AA_RR_2022/exp/inputs/rand10k.txt - Time 1
11497 - [2023-04-29 20:09:13,780] : DEBUG -> Program output: - Time 1
11497 - [2023-04-29 20:09:13,780] : DEBUG -> ---------------------------
11497 - [2023-04-29 20:09:13,780] : DEBUG -> 
 Tempo de Execucao: ---> 0.013540 

11497 - [2023-04-29 20:09:13,780] : DEBUG -> ---------------------------
11497 - [2023-04-29 20:09:13,780] : DEBUG -> Running input: /Users/hugolima/GitHub/HugoLima_ws_AA_RR_2022/exp/inputs/rand10k.txt - Time 2
11497 - [2023-04-29 20:09:13,783] : DEBUG -> Program output: - Time 2
11497 - [2023-04-29 20:09:13,783] : DEBUG -> ---------------------------
11497 - [2023-04-29 20:09:13,783] : DEBUG -> 
 Tempo de Execucao: ---> 0.013440 

11497 - [2023-04-29 20:09:13,783] : DEBUG -> ---------------------------
11497 - [2023-04-29 20:09:13,783] : DEBUG -> Running input: /Users/hugolima/GitHub/HugoLima_ws_AA_RR_2022/exp/inputs/rand10k.txt - Time 3
11497 - [2023-04-29 20:09:13,786] : DEBUG -> Program output: - Time 3
11497 - [2023-04-29 20:09:13,786] : DEBUG -> ---------------------------
11497 - [2023-04-29 20:09:13,786] : DEBUG -> 
 Tempo de Execucao: ---> 0.013610 

11497 - [2023-04-29 20:09:13,786] : DEBUG -> ---------------------------
11497 - [2023-04-29 20:09:13,786] : DEBUG -> Running input: /Users/hugolima/GitHub/HugoLima_ws_AA_RR_2022/exp/inputs/rand10k.txt - Time 4
11497 - [2023-04-29 20:09:13,789] : DEBUG -> Program output: - Time 4
11497 - [2023-04-29 20:09:13,789] : DEBUG -> ---------------------------
11497 - [2023-04-29 20:09:13,789] : DEBUG -> 
 Tempo de Execucao: ---> 0.013630 

11497 - [2023-04-29 20:09:13,789] : DEBUG -> ---------------------------
11497 - [2023-04-29 20:09:13,790] : DEBUG -> Running input: /Users/hugolima/GitHub/HugoLima_ws_AA_RR_2022/exp/inputs/rand10k.txt - Time 5
11497 - [2023-04-29 20:09:13,793] : DEBUG -> Program output: - Time 5
11497 - [2023-04-29 20:09:13,793] : DEBUG -> ---------------------------
11497 - [2023-04-29 20:09:13,793] : DEBUG -> 
 Tempo de Execucao: ---> 0.013610 

11497 - [2023-04-29 20:09:13,793] : DEBUG -> ---------------------------
11497 - [2023-04-29 20:09:13,793] : DEBUG -> Running input: /Users/hugolima/GitHub/HugoLima_ws_AA_RR_2022/exp/inputs/rand10k.txt - Time 6
11497 - [2023-04-29 20:09:13,796] : DEBUG -> Program output: - Time 6
11497 - [2023-04-29 20:09:13,796] : DEBUG -> ---------------------------
11497 - [2023-04-29 20:09:13,796] : DEBUG -> 
 Tempo de Execucao: ---> 0.013680 

11497 - [2023-04-29 20:09:13,796] : DEBUG -> ---------------------------
11497 - [2023-04-29 20:09:13,796] : DEBUG -> Running input: /Users/hugolima/GitHub/HugoLima_ws_AA_RR_2022/exp/inputs/rand10k.txt - Time 7
11497 - [2023-04-29 20:09:13,799] : DEBUG -> Program output: - Time 7
11497 - [2023-04-29 20:09:13,799] : DEBUG -> ---------------------------
11497 - [2023-04-29 20:09:13,799] : DEBUG -> 
 Tempo de Execucao: ---> 0.014050 

11497 - [2023-04-29 20:09:13,799] : DEBUG -> ---------------------------
11497 - [2023-04-29 20:09:13,799] : DEBUG -> Running input: /Users/hugolima/GitHub/HugoLima_ws_AA_RR_2022/exp/inputs/rand10k.txt - Time 8
11497 - [2023-04-29 20:09:13,803] : DEBUG -> Program output: - Time 8
11497 - [2023-04-29 20:09:13,803] : DEBUG -> ---------------------------
11497 - [2023-04-29 20:09:13,803] : DEBUG -> 
 Tempo de Execucao: ---> 0.013720 

11497 - [2023-04-29 20:09:13,803] : DEBUG -> ---------------------------
11497 - [2023-04-29 20:09:13,803] : DEBUG -> Running input: /Users/hugolima/GitHub/HugoLima_ws_AA_RR_2022/exp/inputs/rand10k.txt - Time 9
11497 - [2023-04-29 20:09:13,806] : DEBUG -> Program output: - Time 9
11497 - [2023-04-29 20:09:13,806] : DEBUG -> ---------------------------
11497 - [2023-04-29 20:09:13,806] : DEBUG -> 
 Tempo de Execucao: ---> 0.013760 

11497 - [2023-04-29 20:09:13,806] : DEBUG -> ---------------------------
11497 - [2023-04-29 20:09:13,806] : DEBUG -> Running input: /Users/hugolima/GitHub/HugoLima_ws_AA_RR_2022/exp/inputs/rand10k.txt - Time 10
11497 - [2023-04-29 20:09:13,809] : DEBUG -> Program output: - Time 10
11497 - [2023-04-29 20:09:13,809] : DEBUG -> ---------------------------
11497 - [2023-04-29 20:09:13,809] : DEBUG -> 
 Tempo de Execucao: ---> 0.013530 

11497 - [2023-04-29 20:09:13,809] : DEBUG -> ---------------------------
11497 - [2023-04-29 20:09:13,809] : DEBUG -> Running input: /Users/hugolima/GitHub/HugoLima_ws_AA_RR_2022/exp/inputs/rand10k.txt - Time 11
11497 - [2023-04-29 20:09:13,812] : DEBUG -> Program output: - Time 11
11497 - [2023-04-29 20:09:13,812] : DEBUG -> ---------------------------
11497 - [2023-04-29 20:09:13,812] : DEBUG -> 
 Tempo de Execucao: ---> 0.013500 

11497 - [2023-04-29 20:09:13,812] : DEBUG -> ---------------------------
11497 - [2023-04-29 20:09:13,812] : DEBUG -> Running input: /Users/hugolima/GitHub/HugoLima_ws_AA_RR_2022/exp/inputs/rand10k.txt - Time 12
11497 - [2023-04-29 20:09:13,815] : DEBUG -> Program output: - Time 12
11497 - [2023-04-29 20:09:13,815] : DEBUG -> ---------------------------
11497 - [2023-04-29 20:09:13,816] : DEBUG -> 
 Tempo de Execucao: ---> 0.013790 

11497 - [2023-04-29 20:09:13,816] : DEBUG -> ---------------------------
11497 - [2023-04-29 20:09:13,816] : DEBUG -> Running input: /Users/hugolima/GitHub/HugoLima_ws_AA_RR_2022/exp/inputs/asc10k.txt - Time 0
11497 - [2023-04-29 20:09:13,819] : DEBUG -> Program output: - Time 0
11497 - [2023-04-29 20:09:13,819] : DEBUG -> ---------------------------
11497 - [2023-04-29 20:09:13,819] : DEBUG -> 
 Tempo de Execucao: ---> 0.010520 

11497 - [2023-04-29 20:09:13,819] : DEBUG -> ---------------------------
11497 - [2023-04-29 20:09:13,819] : DEBUG -> Running input: /Users/hugolima/GitHub/HugoLima_ws_AA_RR_2022/exp/inputs/asc10k.txt - Time 1
11497 - [2023-04-29 20:09:13,822] : DEBUG -> Program output: - Time 1
11497 - [2023-04-29 20:09:13,822] : DEBUG -> ---------------------------
11497 - [2023-04-29 20:09:13,822] : DEBUG -> 
 Tempo de Execucao: ---> 0.010460 

11497 - [2023-04-29 20:09:13,822] : DEBUG -> ---------------------------
11497 - [2023-04-29 20:09:13,822] : DEBUG -> Running input: /Users/hugolima/GitHub/HugoLima_ws_AA_RR_2022/exp/inputs/asc10k.txt - Time 2
11497 - [2023-04-29 20:09:13,825] : DEBUG -> Program output: - Time 2
11497 - [2023-04-29 20:09:13,825] : DEBUG -> ---------------------------
11497 - [2023-04-29 20:09:13,825] : DEBUG -> 
 Tempo de Execucao: ---> 0.010530 

11497 - [2023-04-29 20:09:13,825] : DEBUG -> ---------------------------
11497 - [2023-04-29 20:09:13,825] : DEBUG -> Running input: /Users/hugolima/GitHub/HugoLima_ws_AA_RR_2022/exp/inputs/asc10k.txt - Time 3
11497 - [2023-04-29 20:09:13,828] : DEBUG -> Program output: - Time 3
11497 - [2023-04-29 20:09:13,828] : DEBUG -> ---------------------------
11497 - [2023-04-29 20:09:13,828] : DEBUG -> 
 Tempo de Execucao: ---> 0.010490 

11497 - [2023-04-29 20:09:13,828] : DEBUG -> ---------------------------
11497 - [2023-04-29 20:09:13,828] : DEBUG -> Running input: /Users/hugolima/GitHub/HugoLima_ws_AA_RR_2022/exp/inputs/asc10k.txt - Time 4
11497 - [2023-04-29 20:09:13,830] : DEBUG -> Program output: - Time 4
11497 - [2023-04-29 20:09:13,830] : DEBUG -> ---------------------------
11497 - [2023-04-29 20:09:13,830] : DEBUG -> 
 Tempo de Execucao: ---> 0.010490 

11497 - [2023-04-29 20:09:13,830] : DEBUG -> ---------------------------
11497 - [2023-04-29 20:09:13,830] : DEBUG -> Running input: /Users/hugolima/GitHub/HugoLima_ws_AA_RR_2022/exp/inputs/asc10k.txt - Time 5
11497 - [2023-04-29 20:09:13,833] : DEBUG -> Program output: - Time 5
11497 - [2023-04-29 20:09:13,833] : DEBUG -> ---------------------------
11497 - [2023-04-29 20:09:13,833] : DEBUG -> 
 Tempo de Execucao: ---> 0.010570 

11497 - [2023-04-29 20:09:13,833] : DEBUG -> ---------------------------
11497 - [2023-04-29 20:09:13,833] : DEBUG -> Running input: /Users/hugolima/GitHub/HugoLima_ws_AA_RR_2022/exp/inputs/asc10k.txt - Time 6
11497 - [2023-04-29 20:09:13,836] : DEBUG -> Program output: - Time 6
11497 - [2023-04-29 20:09:13,836] : DEBUG -> ---------------------------
11497 - [2023-04-29 20:09:13,836] : DEBUG -> 
 Tempo de Execucao: ---> 0.010470 

11497 - [2023-04-29 20:09:13,836] : DEBUG -> ---------------------------
11497 - [2023-04-29 20:09:13,836] : DEBUG -> Running input: /Users/hugolima/GitHub/HugoLima_ws_AA_RR_2022/exp/inputs/asc10k.txt - Time 7
11497 - [2023-04-29 20:09:13,839] : DEBUG -> Program output: - Time 7
11497 - [2023-04-29 20:09:13,839] : DEBUG -> ---------------------------
11497 - [2023-04-29 20:09:13,839] : DEBUG -> 
 Tempo de Execucao: ---> 0.010500 

11497 - [2023-04-29 20:09:13,839] : DEBUG -> ---------------------------
11497 - [2023-04-29 20:09:13,839] : DEBUG -> Running input: /Users/hugolima/GitHub/HugoLima_ws_AA_RR_2022/exp/inputs/asc10k.txt - Time 8
11497 - [2023-04-29 20:09:13,841] : DEBUG -> Program output: - Time 8
11497 - [2023-04-29 20:09:13,842] : DEBUG -> ---------------------------
11497 - [2023-04-29 20:09:13,842] : DEBUG -> 
 Tempo de Execucao: ---> 0.010640 

11497 - [2023-04-29 20:09:13,842] : DEBUG -> ---------------------------
11497 - [2023-04-29 20:09:13,842] : DEBUG -> Running input: /Users/hugolima/GitHub/HugoLima_ws_AA_RR_2022/exp/inputs/asc10k.txt - Time 9
11497 - [2023-04-29 20:09:13,844] : DEBUG -> Program output: - Time 9
11497 - [2023-04-29 20:09:13,844] : DEBUG -> ---------------------------
11497 - [2023-04-29 20:09:13,844] : DEBUG -> 
 Tempo de Execucao: ---> 0.010460 

11497 - [2023-04-29 20:09:13,844] : DEBUG -> ---------------------------
11497 - [2023-04-29 20:09:13,844] : DEBUG -> Running input: /Users/hugolima/GitHub/HugoLima_ws_AA_RR_2022/exp/inputs/asc10k.txt - Time 10
11497 - [2023-04-29 20:09:13,847] : DEBUG -> Program output: - Time 10
11497 - [2023-04-29 20:09:13,847] : DEBUG -> ---------------------------
11497 - [2023-04-29 20:09:13,847] : DEBUG -> 
 Tempo de Execucao: ---> 0.010490 

11497 - [2023-04-29 20:09:13,847] : DEBUG -> ---------------------------
11497 - [2023-04-29 20:09:13,847] : DEBUG -> Running input: /Users/hugolima/GitHub/HugoLima_ws_AA_RR_2022/exp/inputs/asc10k.txt - Time 11
11497 - [2023-04-29 20:09:13,850] : DEBUG -> Program output: - Time 11
11497 - [2023-04-29 20:09:13,850] : DEBUG -> ---------------------------
11497 - [2023-04-29 20:09:13,850] : DEBUG -> 
 Tempo de Execucao: ---> 0.010610 

11497 - [2023-04-29 20:09:13,850] : DEBUG -> ---------------------------
11497 - [2023-04-29 20:09:13,850] : DEBUG -> Running input: /Users/hugolima/GitHub/HugoLima_ws_AA_RR_2022/exp/inputs/asc10k.txt - Time 12
11497 - [2023-04-29 20:09:13,853] : DEBUG -> Program output: - Time 12
11497 - [2023-04-29 20:09:13,853] : DEBUG -> ---------------------------
11497 - [2023-04-29 20:09:13,853] : DEBUG -> 
 Tempo de Execucao: ---> 0.010820 

11497 - [2023-04-29 20:09:13,853] : DEBUG -> ---------------------------
11497 - [2023-04-29 20:09:13,853] : DEBUG -> Running input: /Users/hugolima/GitHub/HugoLima_ws_AA_RR_2022/exp/inputs/rand500k.txt - Time 0
11497 - [2023-04-29 20:09:13,997] : DEBUG -> Program output: - Time 0
11497 - [2023-04-29 20:09:13,997] : DEBUG -> ---------------------------
11497 - [2023-04-29 20:09:13,997] : DEBUG -> 
 Tempo de Execucao: ---> 1.021340 

11497 - [2023-04-29 20:09:13,997] : DEBUG -> ---------------------------
11497 - [2023-04-29 20:09:13,997] : DEBUG -> Running input: /Users/hugolima/GitHub/HugoLima_ws_AA_RR_2022/exp/inputs/rand500k.txt - Time 1
11497 - [2023-04-29 20:09:14,140] : DEBUG -> Program output: - Time 1
11497 - [2023-04-29 20:09:14,141] : DEBUG -> ---------------------------
11497 - [2023-04-29 20:09:14,141] : DEBUG -> 
 Tempo de Execucao: ---> 1.032310 

11497 - [2023-04-29 20:09:14,141] : DEBUG -> ---------------------------
11497 - [2023-04-29 20:09:14,141] : DEBUG -> Running input: /Users/hugolima/GitHub/HugoLima_ws_AA_RR_2022/exp/inputs/rand500k.txt - Time 2
11497 - [2023-04-29 20:09:14,285] : DEBUG -> Program output: - Time 2
11497 - [2023-04-29 20:09:14,285] : DEBUG -> ---------------------------
11497 - [2023-04-29 20:09:14,285] : DEBUG -> 
 Tempo de Execucao: ---> 1.032260 

11497 - [2023-04-29 20:09:14,285] : DEBUG -> ---------------------------
11497 - [2023-04-29 20:09:14,285] : DEBUG -> Running input: /Users/hugolima/GitHub/HugoLima_ws_AA_RR_2022/exp/inputs/rand500k.txt - Time 3
11497 - [2023-04-29 20:09:14,429] : DEBUG -> Program output: - Time 3
11497 - [2023-04-29 20:09:14,429] : DEBUG -> ---------------------------
11497 - [2023-04-29 20:09:14,429] : DEBUG -> 
 Tempo de Execucao: ---> 1.033760 

11497 - [2023-04-29 20:09:14,429] : DEBUG -> ---------------------------
11497 - [2023-04-29 20:09:14,429] : DEBUG -> Running input: /Users/hugolima/GitHub/HugoLima_ws_AA_RR_2022/exp/inputs/rand500k.txt - Time 4
11497 - [2023-04-29 20:09:14,573] : DEBUG -> Program output: - Time 4
11497 - [2023-04-29 20:09:14,573] : DEBUG -> ---------------------------
11497 - [2023-04-29 20:09:14,573] : DEBUG -> 
 Tempo de Execucao: ---> 1.030500 

11497 - [2023-04-29 20:09:14,573] : DEBUG -> ---------------------------
11497 - [2023-04-29 20:09:14,573] : DEBUG -> Running input: /Users/hugolima/GitHub/HugoLima_ws_AA_RR_2022/exp/inputs/rand500k.txt - Time 5
11497 - [2023-04-29 20:09:14,715] : DEBUG -> Program output: - Time 5
11497 - [2023-04-29 20:09:14,715] : DEBUG -> ---------------------------
11497 - [2023-04-29 20:09:14,715] : DEBUG -> 
 Tempo de Execucao: ---> 1.022350 

11497 - [2023-04-29 20:09:14,715] : DEBUG -> ---------------------------
11497 - [2023-04-29 20:09:14,715] : DEBUG -> Running input: /Users/hugolima/GitHub/HugoLima_ws_AA_RR_2022/exp/inputs/rand500k.txt - Time 6
11497 - [2023-04-29 20:09:14,859] : DEBUG -> Program output: - Time 6
11497 - [2023-04-29 20:09:14,859] : DEBUG -> ---------------------------
11497 - [2023-04-29 20:09:14,859] : DEBUG -> 
 Tempo de Execucao: ---> 1.027970 

11497 - [2023-04-29 20:09:14,859] : DEBUG -> ---------------------------
11497 - [2023-04-29 20:09:14,859] : DEBUG -> Running input: /Users/hugolima/GitHub/HugoLima_ws_AA_RR_2022/exp/inputs/rand500k.txt - Time 7
11497 - [2023-04-29 20:09:15,002] : DEBUG -> Program output: - Time 7
11497 - [2023-04-29 20:09:15,002] : DEBUG -> ---------------------------
11497 - [2023-04-29 20:09:15,002] : DEBUG -> 
 Tempo de Execucao: ---> 1.025550 

11497 - [2023-04-29 20:09:15,002] : DEBUG -> ---------------------------
11497 - [2023-04-29 20:09:15,002] : DEBUG -> Running input: /Users/hugolima/GitHub/HugoLima_ws_AA_RR_2022/exp/inputs/rand500k.txt - Time 8
11497 - [2023-04-29 20:09:15,146] : DEBUG -> Program output: - Time 8
11497 - [2023-04-29 20:09:15,146] : DEBUG -> ---------------------------
11497 - [2023-04-29 20:09:15,146] : DEBUG -> 
 Tempo de Execucao: ---> 1.028280 

11497 - [2023-04-29 20:09:15,146] : DEBUG -> ---------------------------
11497 - [2023-04-29 20:09:15,146] : DEBUG -> Running input: /Users/hugolima/GitHub/HugoLima_ws_AA_RR_2022/exp/inputs/rand500k.txt - Time 9
11497 - [2023-04-29 20:09:15,290] : DEBUG -> Program output: - Time 9
11497 - [2023-04-29 20:09:15,290] : DEBUG -> ---------------------------
11497 - [2023-04-29 20:09:15,290] : DEBUG -> 
 Tempo de Execucao: ---> 1.034120 

11497 - [2023-04-29 20:09:15,290] : DEBUG -> ---------------------------
11497 - [2023-04-29 20:09:15,290] : DEBUG -> Running input: /Users/hugolima/GitHub/HugoLima_ws_AA_RR_2022/exp/inputs/rand500k.txt - Time 10
11497 - [2023-04-29 20:09:15,434] : DEBUG -> Program output: - Time 10
11497 - [2023-04-29 20:09:15,434] : DEBUG -> ---------------------------
11497 - [2023-04-29 20:09:15,434] : DEBUG -> 
 Tempo de Execucao: ---> 1.032430 

11497 - [2023-04-29 20:09:15,434] : DEBUG -> ---------------------------
11497 - [2023-04-29 20:09:15,434] : DEBUG -> Running input: /Users/hugolima/GitHub/HugoLima_ws_AA_RR_2022/exp/inputs/rand500k.txt - Time 11
11497 - [2023-04-29 20:09:15,578] : DEBUG -> Program output: - Time 11
11497 - [2023-04-29 20:09:15,578] : DEBUG -> ---------------------------
11497 - [2023-04-29 20:09:15,578] : DEBUG -> 
 Tempo de Execucao: ---> 1.032150 

11497 - [2023-04-29 20:09:15,578] : DEBUG -> ---------------------------
11497 - [2023-04-29 20:09:15,578] : DEBUG -> Running input: /Users/hugolima/GitHub/HugoLima_ws_AA_RR_2022/exp/inputs/rand500k.txt - Time 12
11497 - [2023-04-29 20:09:15,722] : DEBUG -> Program output: - Time 12
11497 - [2023-04-29 20:09:15,722] : DEBUG -> ---------------------------
11497 - [2023-04-29 20:09:15,722] : DEBUG -> 
 Tempo de Execucao: ---> 1.033800 

11497 - [2023-04-29 20:09:15,722] : DEBUG -> ---------------------------
