7248 - [2023-04-29 15:17:08,290] : DEBUG -> Experiment script executed
7248 - [2023-04-29 15:17:08,290] : DEBUG -> Listing input files to the program
7248 - [2023-04-29 15:17:08,291] : DEBUG -> Running the program with each input 13 times
7248 - [2023-04-29 15:17:08,291] : DEBUG -> Running input: /Users/hugolima/GitHub/HugoLima_ws_AA_RR_2022/exp/inputs/rand.txt - Time 0
7248 - [2023-04-29 15:17:08,816] : DEBUG -> Program output: - Time 0
7248 - [2023-04-29 15:17:08,816] : DEBUG -> ---------------------------
7248 - [2023-04-29 15:17:08,816] : DEBUG -> 
 Tempo de Execucao: ---> 0.000310 

7248 - [2023-04-29 15:17:08,816] : DEBUG -> ---------------------------
7248 - [2023-04-29 15:17:08,816] : DEBUG -> Running input: /Users/hugolima/GitHub/HugoLima_ws_AA_RR_2022/exp/inputs/rand.txt - Time 1
7248 - [2023-04-29 15:17:08,820] : DEBUG -> Program output: - Time 1
7248 - [2023-04-29 15:17:08,820] : DEBUG -> ---------------------------
7248 - [2023-04-29 15:17:08,820] : DEBUG -> 
 Tempo de Execucao: ---> 0.000300 

7248 - [2023-04-29 15:17:08,820] : DEBUG -> ---------------------------
7248 - [2023-04-29 15:17:08,820] : DEBUG -> Running input: /Users/hugolima/GitHub/HugoLima_ws_AA_RR_2022/exp/inputs/rand.txt - Time 2
7248 - [2023-04-29 15:17:08,823] : DEBUG -> Program output: - Time 2
7248 - [2023-04-29 15:17:08,824] : DEBUG -> ---------------------------
7248 - [2023-04-29 15:17:08,824] : DEBUG -> 
 Tempo de Execucao: ---> 0.000310 

7248 - [2023-04-29 15:17:08,824] : DEBUG -> ---------------------------
7248 - [2023-04-29 15:17:08,824] : DEBUG -> Running input: /Users/hugolima/GitHub/HugoLima_ws_AA_RR_2022/exp/inputs/rand.txt - Time 3
7248 - [2023-04-29 15:17:08,827] : DEBUG -> Program output: - Time 3
7248 - [2023-04-29 15:17:08,827] : DEBUG -> ---------------------------
7248 - [2023-04-29 15:17:08,827] : DEBUG -> 
 Tempo de Execucao: ---> 0.000240 

7248 - [2023-04-29 15:17:08,827] : DEBUG -> ---------------------------
7248 - [2023-04-29 15:17:08,827] : DEBUG -> Running input: /Users/hugolima/GitHub/HugoLima_ws_AA_RR_2022/exp/inputs/rand.txt - Time 4
7248 - [2023-04-29 15:17:08,830] : DEBUG -> Program output: - Time 4
7248 - [2023-04-29 15:17:08,830] : DEBUG -> ---------------------------
7248 - [2023-04-29 15:17:08,830] : DEBUG -> 
 Tempo de Execucao: ---> 0.000300 

7248 - [2023-04-29 15:17:08,830] : DEBUG -> ---------------------------
7248 - [2023-04-29 15:17:08,830] : DEBUG -> Running input: /Users/hugolima/GitHub/HugoLima_ws_AA_RR_2022/exp/inputs/rand.txt - Time 5
7248 - [2023-04-29 15:17:08,833] : DEBUG -> Program output: - Time 5
7248 - [2023-04-29 15:17:08,833] : DEBUG -> ---------------------------
7248 - [2023-04-29 15:17:08,833] : DEBUG -> 
 Tempo de Execucao: ---> 0.000290 

7248 - [2023-04-29 15:17:08,833] : DEBUG -> ---------------------------
7248 - [2023-04-29 15:17:08,833] : DEBUG -> Running input: /Users/hugolima/GitHub/HugoLima_ws_AA_RR_2022/exp/inputs/rand.txt - Time 6
7248 - [2023-04-29 15:17:08,836] : DEBUG -> Program output: - Time 6
7248 - [2023-04-29 15:17:08,836] : DEBUG -> ---------------------------
7248 - [2023-04-29 15:17:08,836] : DEBUG -> 
 Tempo de Execucao: ---> 0.000450 

7248 - [2023-04-29 15:17:08,836] : DEBUG -> ---------------------------
7248 - [2023-04-29 15:17:08,836] : DEBUG -> Running input: /Users/hugolima/GitHub/HugoLima_ws_AA_RR_2022/exp/inputs/rand.txt - Time 7
7248 - [2023-04-29 15:17:08,838] : DEBUG -> Program output: - Time 7
7248 - [2023-04-29 15:17:08,838] : DEBUG -> ---------------------------
7248 - [2023-04-29 15:17:08,838] : DEBUG -> 
 Tempo de Execucao: ---> 0.000230 

7248 - [2023-04-29 15:17:08,838] : DEBUG -> ---------------------------
7248 - [2023-04-29 15:17:08,838] : DEBUG -> Running input: /Users/hugolima/GitHub/HugoLima_ws_AA_RR_2022/exp/inputs/rand.txt - Time 8
7248 - [2023-04-29 15:17:08,840] : DEBUG -> Program output: - Time 8
7248 - [2023-04-29 15:17:08,841] : DEBUG -> ---------------------------
7248 - [2023-04-29 15:17:08,841] : DEBUG -> 
 Tempo de Execucao: ---> 0.000240 

7248 - [2023-04-29 15:17:08,841] : DEBUG -> ---------------------------
7248 - [2023-04-29 15:17:08,841] : DEBUG -> Running input: /Users/hugolima/GitHub/HugoLima_ws_AA_RR_2022/exp/inputs/rand.txt - Time 9
7248 - [2023-04-29 15:17:08,842] : DEBUG -> Program output: - Time 9
7248 - [2023-04-29 15:17:08,842] : DEBUG -> ---------------------------
7248 - [2023-04-29 15:17:08,843] : DEBUG -> 
 Tempo de Execucao: ---> 0.000210 

7248 - [2023-04-29 15:17:08,843] : DEBUG -> ---------------------------
7248 - [2023-04-29 15:17:08,843] : DEBUG -> Running input: /Users/hugolima/GitHub/HugoLima_ws_AA_RR_2022/exp/inputs/rand.txt - Time 10
7248 - [2023-04-29 15:17:08,844] : DEBUG -> Program output: - Time 10
7248 - [2023-04-29 15:17:08,845] : DEBUG -> ---------------------------
7248 - [2023-04-29 15:17:08,845] : DEBUG -> 
 Tempo de Execucao: ---> 0.000180 

7248 - [2023-04-29 15:17:08,845] : DEBUG -> ---------------------------
7248 - [2023-04-29 15:17:08,845] : DEBUG -> Running input: /Users/hugolima/GitHub/HugoLima_ws_AA_RR_2022/exp/inputs/rand.txt - Time 11
7248 - [2023-04-29 15:17:08,847] : DEBUG -> Program output: - Time 11
7248 - [2023-04-29 15:17:08,847] : DEBUG -> ---------------------------
7248 - [2023-04-29 15:17:08,847] : DEBUG -> 
 Tempo de Execucao: ---> 0.000210 

7248 - [2023-04-29 15:17:08,847] : DEBUG -> ---------------------------
7248 - [2023-04-29 15:17:08,847] : DEBUG -> Running input: /Users/hugolima/GitHub/HugoLima_ws_AA_RR_2022/exp/inputs/rand.txt - Time 12
7248 - [2023-04-29 15:17:08,848] : DEBUG -> Program output: - Time 12
7248 - [2023-04-29 15:17:08,848] : DEBUG -> ---------------------------
7248 - [2023-04-29 15:17:08,848] : DEBUG -> 
 Tempo de Execucao: ---> 0.000130 

7248 - [2023-04-29 15:17:08,848] : DEBUG -> ---------------------------
7248 - [2023-04-29 15:17:08,849] : DEBUG -> Running input: /Users/hugolima/GitHub/HugoLima_ws_AA_RR_2022/exp/inputs/asc1k.txt - Time 0
7248 - [2023-04-29 15:17:08,852] : DEBUG -> Program output: - Time 0
7248 - [2023-04-29 15:17:08,852] : DEBUG -> ---------------------------
7248 - [2023-04-29 15:17:08,852] : DEBUG -> 
 Tempo de Execucao: ---> 0.010060 

7248 - [2023-04-29 15:17:08,852] : DEBUG -> ---------------------------
7248 - [2023-04-29 15:17:08,852] : DEBUG -> Running input: /Users/hugolima/GitHub/HugoLima_ws_AA_RR_2022/exp/inputs/asc1k.txt - Time 1
7248 - [2023-04-29 15:17:08,855] : DEBUG -> Program output: - Time 1
7248 - [2023-04-29 15:17:08,855] : DEBUG -> ---------------------------
7248 - [2023-04-29 15:17:08,855] : DEBUG -> 
 Tempo de Execucao: ---> 0.008010 

7248 - [2023-04-29 15:17:08,855] : DEBUG -> ---------------------------
7248 - [2023-04-29 15:17:08,855] : DEBUG -> Running input: /Users/hugolima/GitHub/HugoLima_ws_AA_RR_2022/exp/inputs/asc1k.txt - Time 2
7248 - [2023-04-29 15:17:08,857] : DEBUG -> Program output: - Time 2
7248 - [2023-04-29 15:17:08,857] : DEBUG -> ---------------------------
7248 - [2023-04-29 15:17:08,857] : DEBUG -> 
 Tempo de Execucao: ---> 0.008700 

7248 - [2023-04-29 15:17:08,857] : DEBUG -> ---------------------------
7248 - [2023-04-29 15:17:08,857] : DEBUG -> Running input: /Users/hugolima/GitHub/HugoLima_ws_AA_RR_2022/exp/inputs/asc1k.txt - Time 3
7248 - [2023-04-29 15:17:08,860] : DEBUG -> Program output: - Time 3
7248 - [2023-04-29 15:17:08,860] : DEBUG -> ---------------------------
7248 - [2023-04-29 15:17:08,860] : DEBUG -> 
 Tempo de Execucao: ---> 0.008010 

7248 - [2023-04-29 15:17:08,860] : DEBUG -> ---------------------------
7248 - [2023-04-29 15:17:08,860] : DEBUG -> Running input: /Users/hugolima/GitHub/HugoLima_ws_AA_RR_2022/exp/inputs/asc1k.txt - Time 4
7248 - [2023-04-29 15:17:08,863] : DEBUG -> Program output: - Time 4
7248 - [2023-04-29 15:17:08,863] : DEBUG -> ---------------------------
7248 - [2023-04-29 15:17:08,863] : DEBUG -> 
 Tempo de Execucao: ---> 0.008610 

7248 - [2023-04-29 15:17:08,863] : DEBUG -> ---------------------------
7248 - [2023-04-29 15:17:08,863] : DEBUG -> Running input: /Users/hugolima/GitHub/HugoLima_ws_AA_RR_2022/exp/inputs/asc1k.txt - Time 5
7248 - [2023-04-29 15:17:08,865] : DEBUG -> Program output: - Time 5
7248 - [2023-04-29 15:17:08,865] : DEBUG -> ---------------------------
7248 - [2023-04-29 15:17:08,865] : DEBUG -> 
 Tempo de Execucao: ---> 0.008950 

7248 - [2023-04-29 15:17:08,865] : DEBUG -> ---------------------------
7248 - [2023-04-29 15:17:08,865] : DEBUG -> Running input: /Users/hugolima/GitHub/HugoLima_ws_AA_RR_2022/exp/inputs/asc1k.txt - Time 6
7248 - [2023-04-29 15:17:08,868] : DEBUG -> Program output: - Time 6
7248 - [2023-04-29 15:17:08,868] : DEBUG -> ---------------------------
7248 - [2023-04-29 15:17:08,868] : DEBUG -> 
 Tempo de Execucao: ---> 0.008660 

7248 - [2023-04-29 15:17:08,868] : DEBUG -> ---------------------------
7248 - [2023-04-29 15:17:08,868] : DEBUG -> Running input: /Users/hugolima/GitHub/HugoLima_ws_AA_RR_2022/exp/inputs/asc1k.txt - Time 7
7248 - [2023-04-29 15:17:08,870] : DEBUG -> Program output: - Time 7
7248 - [2023-04-29 15:17:08,870] : DEBUG -> ---------------------------
7248 - [2023-04-29 15:17:08,870] : DEBUG -> 
 Tempo de Execucao: ---> 0.008570 

7248 - [2023-04-29 15:17:08,870] : DEBUG -> ---------------------------
7248 - [2023-04-29 15:17:08,870] : DEBUG -> Running input: /Users/hugolima/GitHub/HugoLima_ws_AA_RR_2022/exp/inputs/asc1k.txt - Time 8
7248 - [2023-04-29 15:17:08,873] : DEBUG -> Program output: - Time 8
7248 - [2023-04-29 15:17:08,873] : DEBUG -> ---------------------------
7248 - [2023-04-29 15:17:08,873] : DEBUG -> 
 Tempo de Execucao: ---> 0.008010 

7248 - [2023-04-29 15:17:08,873] : DEBUG -> ---------------------------
7248 - [2023-04-29 15:17:08,873] : DEBUG -> Running input: /Users/hugolima/GitHub/HugoLima_ws_AA_RR_2022/exp/inputs/asc1k.txt - Time 9
7248 - [2023-04-29 15:17:08,875] : DEBUG -> Program output: - Time 9
7248 - [2023-04-29 15:17:08,875] : DEBUG -> ---------------------------
7248 - [2023-04-29 15:17:08,875] : DEBUG -> 
 Tempo de Execucao: ---> 0.008040 

7248 - [2023-04-29 15:17:08,875] : DEBUG -> ---------------------------
7248 - [2023-04-29 15:17:08,875] : DEBUG -> Running input: /Users/hugolima/GitHub/HugoLima_ws_AA_RR_2022/exp/inputs/asc1k.txt - Time 10
7248 - [2023-04-29 15:17:08,877] : DEBUG -> Program output: - Time 10
7248 - [2023-04-29 15:17:08,877] : DEBUG -> ---------------------------
7248 - [2023-04-29 15:17:08,877] : DEBUG -> 
 Tempo de Execucao: ---> 0.007620 

7248 - [2023-04-29 15:17:08,877] : DEBUG -> ---------------------------
7248 - [2023-04-29 15:17:08,877] : DEBUG -> Running input: /Users/hugolima/GitHub/HugoLima_ws_AA_RR_2022/exp/inputs/asc1k.txt - Time 11
7248 - [2023-04-29 15:17:08,880] : DEBUG -> Program output: - Time 11
7248 - [2023-04-29 15:17:08,880] : DEBUG -> ---------------------------
7248 - [2023-04-29 15:17:08,880] : DEBUG -> 
 Tempo de Execucao: ---> 0.007620 

7248 - [2023-04-29 15:17:08,880] : DEBUG -> ---------------------------
7248 - [2023-04-29 15:17:08,880] : DEBUG -> Running input: /Users/hugolima/GitHub/HugoLima_ws_AA_RR_2022/exp/inputs/asc1k.txt - Time 12
7248 - [2023-04-29 15:17:08,882] : DEBUG -> Program output: - Time 12
7248 - [2023-04-29 15:17:08,882] : DEBUG -> ---------------------------
7248 - [2023-04-29 15:17:08,882] : DEBUG -> 
 Tempo de Execucao: ---> 0.007550 

7248 - [2023-04-29 15:17:08,882] : DEBUG -> ---------------------------
7248 - [2023-04-29 15:17:08,882] : DEBUG -> Running input: /Users/hugolima/GitHub/HugoLima_ws_AA_RR_2022/exp/inputs/.DS_Store - Time 0
7248 - [2023-04-29 15:17:08,883] : DEBUG -> Program output: - Time 0
7248 - [2023-04-29 15:17:08,883] : DEBUG -> ---------------------------
7248 - [2023-04-29 15:17:08,884] : DEBUG -> 
 Tempo de Execucao: ---> 0.000010 

7248 - [2023-04-29 15:17:08,884] : DEBUG -> ---------------------------
7248 - [2023-04-29 15:17:08,884] : DEBUG -> Running input: /Users/hugolima/GitHub/HugoLima_ws_AA_RR_2022/exp/inputs/.DS_Store - Time 1
7248 - [2023-04-29 15:17:08,885] : DEBUG -> Program output: - Time 1
7248 - [2023-04-29 15:17:08,885] : DEBUG -> ---------------------------
7248 - [2023-04-29 15:17:08,885] : DEBUG -> 
 Tempo de Execucao: ---> 0.000020 

7248 - [2023-04-29 15:17:08,885] : DEBUG -> ---------------------------
7248 - [2023-04-29 15:17:08,885] : DEBUG -> Running input: /Users/hugolima/GitHub/HugoLima_ws_AA_RR_2022/exp/inputs/.DS_Store - Time 2
7248 - [2023-04-29 15:17:08,886] : DEBUG -> Program output: - Time 2
7248 - [2023-04-29 15:17:08,886] : DEBUG -> ---------------------------
7248 - [2023-04-29 15:17:08,886] : DEBUG -> 
 Tempo de Execucao: ---> 0.000010 

7248 - [2023-04-29 15:17:08,886] : DEBUG -> ---------------------------
7248 - [2023-04-29 15:17:08,886] : DEBUG -> Running input: /Users/hugolima/GitHub/HugoLima_ws_AA_RR_2022/exp/inputs/.DS_Store - Time 3
7248 - [2023-04-29 15:17:08,887] : DEBUG -> Program output: - Time 3
7248 - [2023-04-29 15:17:08,887] : DEBUG -> ---------------------------
7248 - [2023-04-29 15:17:08,887] : DEBUG -> 
 Tempo de Execucao: ---> 0.000020 

7248 - [2023-04-29 15:17:08,887] : DEBUG -> ---------------------------
7248 - [2023-04-29 15:17:08,887] : DEBUG -> Running input: /Users/hugolima/GitHub/HugoLima_ws_AA_RR_2022/exp/inputs/.DS_Store - Time 4
7248 - [2023-04-29 15:17:08,889] : DEBUG -> Program output: - Time 4
7248 - [2023-04-29 15:17:08,889] : DEBUG -> ---------------------------
7248 - [2023-04-29 15:17:08,889] : DEBUG -> 
 Tempo de Execucao: ---> 0.000020 

7248 - [2023-04-29 15:17:08,889] : DEBUG -> ---------------------------
7248 - [2023-04-29 15:17:08,889] : DEBUG -> Running input: /Users/hugolima/GitHub/HugoLima_ws_AA_RR_2022/exp/inputs/.DS_Store - Time 5
7248 - [2023-04-29 15:17:08,890] : DEBUG -> Program output: - Time 5
7248 - [2023-04-29 15:17:08,890] : DEBUG -> ---------------------------
7248 - [2023-04-29 15:17:08,890] : DEBUG -> 
 Tempo de Execucao: ---> 0.000010 

7248 - [2023-04-29 15:17:08,890] : DEBUG -> ---------------------------
7248 - [2023-04-29 15:17:08,890] : DEBUG -> Running input: /Users/hugolima/GitHub/HugoLima_ws_AA_RR_2022/exp/inputs/.DS_Store - Time 6
7248 - [2023-04-29 15:17:08,892] : DEBUG -> Program output: - Time 6
7248 - [2023-04-29 15:17:08,892] : DEBUG -> ---------------------------
7248 - [2023-04-29 15:17:08,892] : DEBUG -> 
 Tempo de Execucao: ---> 0.000010 

7248 - [2023-04-29 15:17:08,892] : DEBUG -> ---------------------------
7248 - [2023-04-29 15:17:08,892] : DEBUG -> Running input: /Users/hugolima/GitHub/HugoLima_ws_AA_RR_2022/exp/inputs/.DS_Store - Time 7
7248 - [2023-04-29 15:17:08,893] : DEBUG -> Program output: - Time 7
7248 - [2023-04-29 15:17:08,893] : DEBUG -> ---------------------------
7248 - [2023-04-29 15:17:08,893] : DEBUG -> 
 Tempo de Execucao: ---> 0.000010 

7248 - [2023-04-29 15:17:08,893] : DEBUG -> ---------------------------
7248 - [2023-04-29 15:17:08,893] : DEBUG -> Running input: /Users/hugolima/GitHub/HugoLima_ws_AA_RR_2022/exp/inputs/.DS_Store - Time 8
7248 - [2023-04-29 15:17:08,894] : DEBUG -> Program output: - Time 8
7248 - [2023-04-29 15:17:08,894] : DEBUG -> ---------------------------
7248 - [2023-04-29 15:17:08,894] : DEBUG -> 
 Tempo de Execucao: ---> 0.000020 

7248 - [2023-04-29 15:17:08,894] : DEBUG -> ---------------------------
7248 - [2023-04-29 15:17:08,894] : DEBUG -> Running input: /Users/hugolima/GitHub/HugoLima_ws_AA_RR_2022/exp/inputs/.DS_Store - Time 9
7248 - [2023-04-29 15:17:08,896] : DEBUG -> Program output: - Time 9
7248 - [2023-04-29 15:17:08,896] : DEBUG -> ---------------------------
7248 - [2023-04-29 15:17:08,896] : DEBUG -> 
 Tempo de Execucao: ---> 0.000010 

7248 - [2023-04-29 15:17:08,896] : DEBUG -> ---------------------------
7248 - [2023-04-29 15:17:08,896] : DEBUG -> Running input: /Users/hugolima/GitHub/HugoLima_ws_AA_RR_2022/exp/inputs/.DS_Store - Time 10
7248 - [2023-04-29 15:17:08,897] : DEBUG -> Program output: - Time 10
7248 - [2023-04-29 15:17:08,897] : DEBUG -> ---------------------------
7248 - [2023-04-29 15:17:08,897] : DEBUG -> 
 Tempo de Execucao: ---> 0.000010 

7248 - [2023-04-29 15:17:08,897] : DEBUG -> ---------------------------
7248 - [2023-04-29 15:17:08,897] : DEBUG -> Running input: /Users/hugolima/GitHub/HugoLima_ws_AA_RR_2022/exp/inputs/.DS_Store - Time 11
7248 - [2023-04-29 15:17:08,898] : DEBUG -> Program output: - Time 11
7248 - [2023-04-29 15:17:08,898] : DEBUG -> ---------------------------
7248 - [2023-04-29 15:17:08,898] : DEBUG -> 
 Tempo de Execucao: ---> 0.000010 

7248 - [2023-04-29 15:17:08,898] : DEBUG -> ---------------------------
7248 - [2023-04-29 15:17:08,898] : DEBUG -> Running input: /Users/hugolima/GitHub/HugoLima_ws_AA_RR_2022/exp/inputs/.DS_Store - Time 12
7248 - [2023-04-29 15:17:08,899] : DEBUG -> Program output: - Time 12
7248 - [2023-04-29 15:17:08,899] : DEBUG -> ---------------------------
7248 - [2023-04-29 15:17:08,899] : DEBUG -> 
 Tempo de Execucao: ---> 0.000030 

7248 - [2023-04-29 15:17:08,899] : DEBUG -> ---------------------------
7248 - [2023-04-29 15:17:08,899] : DEBUG -> Running input: /Users/hugolima/GitHub/HugoLima_ws_AA_RR_2022/exp/inputs/desc10k.txt - Time 0
7248 - [2023-04-29 15:17:08,969] : DEBUG -> Program output: - Time 0
7248 - [2023-04-29 15:17:08,969] : DEBUG -> ---------------------------
7248 - [2023-04-29 15:17:08,969] : DEBUG -> 
 Tempo de Execucao: ---> 0.670270 

7248 - [2023-04-29 15:17:08,969] : DEBUG -> ---------------------------
7248 - [2023-04-29 15:17:08,969] : DEBUG -> Running input: /Users/hugolima/GitHub/HugoLima_ws_AA_RR_2022/exp/inputs/desc10k.txt - Time 1
7248 - [2023-04-29 15:17:09,037] : DEBUG -> Program output: - Time 1
7248 - [2023-04-29 15:17:09,037] : DEBUG -> ---------------------------
7248 - [2023-04-29 15:17:09,037] : DEBUG -> 
 Tempo de Execucao: ---> 0.662600 

7248 - [2023-04-29 15:17:09,037] : DEBUG -> ---------------------------
7248 - [2023-04-29 15:17:09,037] : DEBUG -> Running input: /Users/hugolima/GitHub/HugoLima_ws_AA_RR_2022/exp/inputs/desc10k.txt - Time 2
7248 - [2023-04-29 15:17:09,105] : DEBUG -> Program output: - Time 2
7248 - [2023-04-29 15:17:09,105] : DEBUG -> ---------------------------
7248 - [2023-04-29 15:17:09,105] : DEBUG -> 
 Tempo de Execucao: ---> 0.661290 

7248 - [2023-04-29 15:17:09,105] : DEBUG -> ---------------------------
7248 - [2023-04-29 15:17:09,105] : DEBUG -> Running input: /Users/hugolima/GitHub/HugoLima_ws_AA_RR_2022/exp/inputs/desc10k.txt - Time 3
7248 - [2023-04-29 15:17:09,173] : DEBUG -> Program output: - Time 3
7248 - [2023-04-29 15:17:09,173] : DEBUG -> ---------------------------
7248 - [2023-04-29 15:17:09,173] : DEBUG -> 
 Tempo de Execucao: ---> 0.665300 

7248 - [2023-04-29 15:17:09,173] : DEBUG -> ---------------------------
7248 - [2023-04-29 15:17:09,173] : DEBUG -> Running input: /Users/hugolima/GitHub/HugoLima_ws_AA_RR_2022/exp/inputs/desc10k.txt - Time 4
7248 - [2023-04-29 15:17:09,242] : DEBUG -> Program output: - Time 4
7248 - [2023-04-29 15:17:09,242] : DEBUG -> ---------------------------
7248 - [2023-04-29 15:17:09,242] : DEBUG -> 
 Tempo de Execucao: ---> 0.663290 

7248 - [2023-04-29 15:17:09,242] : DEBUG -> ---------------------------
7248 - [2023-04-29 15:17:09,242] : DEBUG -> Running input: /Users/hugolima/GitHub/HugoLima_ws_AA_RR_2022/exp/inputs/desc10k.txt - Time 5
7248 - [2023-04-29 15:17:09,310] : DEBUG -> Program output: - Time 5
7248 - [2023-04-29 15:17:09,311] : DEBUG -> ---------------------------
7248 - [2023-04-29 15:17:09,311] : DEBUG -> 
 Tempo de Execucao: ---> 0.670350 

7248 - [2023-04-29 15:17:09,311] : DEBUG -> ---------------------------
7248 - [2023-04-29 15:17:09,311] : DEBUG -> Running input: /Users/hugolima/GitHub/HugoLima_ws_AA_RR_2022/exp/inputs/desc10k.txt - Time 6
7248 - [2023-04-29 15:17:09,379] : DEBUG -> Program output: - Time 6
7248 - [2023-04-29 15:17:09,380] : DEBUG -> ---------------------------
7248 - [2023-04-29 15:17:09,380] : DEBUG -> 
 Tempo de Execucao: ---> 0.671030 

7248 - [2023-04-29 15:17:09,380] : DEBUG -> ---------------------------
7248 - [2023-04-29 15:17:09,380] : DEBUG -> Running input: /Users/hugolima/GitHub/HugoLima_ws_AA_RR_2022/exp/inputs/desc10k.txt - Time 7
7248 - [2023-04-29 15:17:09,448] : DEBUG -> Program output: - Time 7
7248 - [2023-04-29 15:17:09,448] : DEBUG -> ---------------------------
7248 - [2023-04-29 15:17:09,448] : DEBUG -> 
 Tempo de Execucao: ---> 0.665100 

7248 - [2023-04-29 15:17:09,448] : DEBUG -> ---------------------------
7248 - [2023-04-29 15:17:09,448] : DEBUG -> Running input: /Users/hugolima/GitHub/HugoLima_ws_AA_RR_2022/exp/inputs/desc10k.txt - Time 8
7248 - [2023-04-29 15:17:09,517] : DEBUG -> Program output: - Time 8
7248 - [2023-04-29 15:17:09,517] : DEBUG -> ---------------------------
7248 - [2023-04-29 15:17:09,517] : DEBUG -> 
 Tempo de Execucao: ---> 0.668190 

7248 - [2023-04-29 15:17:09,517] : DEBUG -> ---------------------------
7248 - [2023-04-29 15:17:09,517] : DEBUG -> Running input: /Users/hugolima/GitHub/HugoLima_ws_AA_RR_2022/exp/inputs/desc10k.txt - Time 9
7248 - [2023-04-29 15:17:09,585] : DEBUG -> Program output: - Time 9
7248 - [2023-04-29 15:17:09,585] : DEBUG -> ---------------------------
7248 - [2023-04-29 15:17:09,585] : DEBUG -> 
 Tempo de Execucao: ---> 0.665240 

7248 - [2023-04-29 15:17:09,585] : DEBUG -> ---------------------------
7248 - [2023-04-29 15:17:09,585] : DEBUG -> Running input: /Users/hugolima/GitHub/HugoLima_ws_AA_RR_2022/exp/inputs/desc10k.txt - Time 10
7248 - [2023-04-29 15:17:09,654] : DEBUG -> Program output: - Time 10
7248 - [2023-04-29 15:17:09,654] : DEBUG -> ---------------------------
7248 - [2023-04-29 15:17:09,654] : DEBUG -> 
 Tempo de Execucao: ---> 0.669970 

7248 - [2023-04-29 15:17:09,654] : DEBUG -> ---------------------------
7248 - [2023-04-29 15:17:09,654] : DEBUG -> Running input: /Users/hugolima/GitHub/HugoLima_ws_AA_RR_2022/exp/inputs/desc10k.txt - Time 11
7248 - [2023-04-29 15:17:09,723] : DEBUG -> Program output: - Time 11
7248 - [2023-04-29 15:17:09,723] : DEBUG -> ---------------------------
7248 - [2023-04-29 15:17:09,723] : DEBUG -> 
 Tempo de Execucao: ---> 0.666450 

7248 - [2023-04-29 15:17:09,723] : DEBUG -> ---------------------------
7248 - [2023-04-29 15:17:09,723] : DEBUG -> Running input: /Users/hugolima/GitHub/HugoLima_ws_AA_RR_2022/exp/inputs/desc10k.txt - Time 12
7248 - [2023-04-29 15:17:09,792] : DEBUG -> Program output: - Time 12
7248 - [2023-04-29 15:17:09,792] : DEBUG -> ---------------------------
7248 - [2023-04-29 15:17:09,792] : DEBUG -> 
 Tempo de Execucao: ---> 0.669370 

7248 - [2023-04-29 15:17:09,792] : DEBUG -> ---------------------------
7248 - [2023-04-29 15:17:09,792] : DEBUG -> Running input: /Users/hugolima/GitHub/HugoLima_ws_AA_RR_2022/exp/inputs/rand1k.txt - Time 0
7248 - [2023-04-29 15:17:09,794] : DEBUG -> Program output: - Time 0
7248 - [2023-04-29 15:17:09,794] : DEBUG -> ---------------------------
7248 - [2023-04-29 15:17:09,794] : DEBUG -> 
 Tempo de Execucao: ---> 0.006580 

7248 - [2023-04-29 15:17:09,795] : DEBUG -> ---------------------------
7248 - [2023-04-29 15:17:09,795] : DEBUG -> Running input: /Users/hugolima/GitHub/HugoLima_ws_AA_RR_2022/exp/inputs/rand1k.txt - Time 1
7248 - [2023-04-29 15:17:09,796] : DEBUG -> Program output: - Time 1
7248 - [2023-04-29 15:17:09,796] : DEBUG -> ---------------------------
7248 - [2023-04-29 15:17:09,796] : DEBUG -> 
 Tempo de Execucao: ---> 0.006430 

7248 - [2023-04-29 15:17:09,796] : DEBUG -> ---------------------------
7248 - [2023-04-29 15:17:09,796] : DEBUG -> Running input: /Users/hugolima/GitHub/HugoLima_ws_AA_RR_2022/exp/inputs/rand1k.txt - Time 2
7248 - [2023-04-29 15:17:09,798] : DEBUG -> Program output: - Time 2
7248 - [2023-04-29 15:17:09,798] : DEBUG -> ---------------------------
7248 - [2023-04-29 15:17:09,798] : DEBUG -> 
 Tempo de Execucao: ---> 0.006370 

7248 - [2023-04-29 15:17:09,798] : DEBUG -> ---------------------------
7248 - [2023-04-29 15:17:09,798] : DEBUG -> Running input: /Users/hugolima/GitHub/HugoLima_ws_AA_RR_2022/exp/inputs/rand1k.txt - Time 3
7248 - [2023-04-29 15:17:09,800] : DEBUG -> Program output: - Time 3
7248 - [2023-04-29 15:17:09,800] : DEBUG -> ---------------------------
7248 - [2023-04-29 15:17:09,800] : DEBUG -> 
 Tempo de Execucao: ---> 0.006360 

7248 - [2023-04-29 15:17:09,800] : DEBUG -> ---------------------------
7248 - [2023-04-29 15:17:09,800] : DEBUG -> Running input: /Users/hugolima/GitHub/HugoLima_ws_AA_RR_2022/exp/inputs/rand1k.txt - Time 4
7248 - [2023-04-29 15:17:09,802] : DEBUG -> Program output: - Time 4
7248 - [2023-04-29 15:17:09,802] : DEBUG -> ---------------------------
7248 - [2023-04-29 15:17:09,802] : DEBUG -> 
 Tempo de Execucao: ---> 0.006370 

7248 - [2023-04-29 15:17:09,802] : DEBUG -> ---------------------------
7248 - [2023-04-29 15:17:09,802] : DEBUG -> Running input: /Users/hugolima/GitHub/HugoLima_ws_AA_RR_2022/exp/inputs/rand1k.txt - Time 5
7248 - [2023-04-29 15:17:09,804] : DEBUG -> Program output: - Time 5
7248 - [2023-04-29 15:17:09,804] : DEBUG -> ---------------------------
7248 - [2023-04-29 15:17:09,804] : DEBUG -> 
 Tempo de Execucao: ---> 0.006360 

7248 - [2023-04-29 15:17:09,804] : DEBUG -> ---------------------------
7248 - [2023-04-29 15:17:09,804] : DEBUG -> Running input: /Users/hugolima/GitHub/HugoLima_ws_AA_RR_2022/exp/inputs/rand1k.txt - Time 6
7248 - [2023-04-29 15:17:09,806] : DEBUG -> Program output: - Time 6
7248 - [2023-04-29 15:17:09,806] : DEBUG -> ---------------------------
7248 - [2023-04-29 15:17:09,806] : DEBUG -> 
 Tempo de Execucao: ---> 0.006280 

7248 - [2023-04-29 15:17:09,806] : DEBUG -> ---------------------------
7248 - [2023-04-29 15:17:09,806] : DEBUG -> Running input: /Users/hugolima/GitHub/HugoLima_ws_AA_RR_2022/exp/inputs/rand1k.txt - Time 7
7248 - [2023-04-29 15:17:09,808] : DEBUG -> Program output: - Time 7
7248 - [2023-04-29 15:17:09,808] : DEBUG -> ---------------------------
7248 - [2023-04-29 15:17:09,808] : DEBUG -> 
 Tempo de Execucao: ---> 0.006280 

7248 - [2023-04-29 15:17:09,808] : DEBUG -> ---------------------------
7248 - [2023-04-29 15:17:09,808] : DEBUG -> Running input: /Users/hugolima/GitHub/HugoLima_ws_AA_RR_2022/exp/inputs/rand1k.txt - Time 8
7248 - [2023-04-29 15:17:09,810] : DEBUG -> Program output: - Time 8
7248 - [2023-04-29 15:17:09,810] : DEBUG -> ---------------------------
7248 - [2023-04-29 15:17:09,810] : DEBUG -> 
 Tempo de Execucao: ---> 0.006380 

7248 - [2023-04-29 15:17:09,810] : DEBUG -> ---------------------------
7248 - [2023-04-29 15:17:09,810] : DEBUG -> Running input: /Users/hugolima/GitHub/HugoLima_ws_AA_RR_2022/exp/inputs/rand1k.txt - Time 9
7248 - [2023-04-29 15:17:09,811] : DEBUG -> Program output: - Time 9
7248 - [2023-04-29 15:17:09,812] : DEBUG -> ---------------------------
7248 - [2023-04-29 15:17:09,812] : DEBUG -> 
 Tempo de Execucao: ---> 0.006500 

7248 - [2023-04-29 15:17:09,812] : DEBUG -> ---------------------------
7248 - [2023-04-29 15:17:09,812] : DEBUG -> Running input: /Users/hugolima/GitHub/HugoLima_ws_AA_RR_2022/exp/inputs/rand1k.txt - Time 10
7248 - [2023-04-29 15:17:09,813] : DEBUG -> Program output: - Time 10
7248 - [2023-04-29 15:17:09,813] : DEBUG -> ---------------------------
7248 - [2023-04-29 15:17:09,813] : DEBUG -> 
 Tempo de Execucao: ---> 0.006280 

7248 - [2023-04-29 15:17:09,813] : DEBUG -> ---------------------------
7248 - [2023-04-29 15:17:09,813] : DEBUG -> Running input: /Users/hugolima/GitHub/HugoLima_ws_AA_RR_2022/exp/inputs/rand1k.txt - Time 11
7248 - [2023-04-29 15:17:09,815] : DEBUG -> Program output: - Time 11
7248 - [2023-04-29 15:17:09,815] : DEBUG -> ---------------------------
7248 - [2023-04-29 15:17:09,815] : DEBUG -> 
 Tempo de Execucao: ---> 0.006310 

7248 - [2023-04-29 15:17:09,815] : DEBUG -> ---------------------------
7248 - [2023-04-29 15:17:09,815] : DEBUG -> Running input: /Users/hugolima/GitHub/HugoLima_ws_AA_RR_2022/exp/inputs/rand1k.txt - Time 12
7248 - [2023-04-29 15:17:09,817] : DEBUG -> Program output: - Time 12
7248 - [2023-04-29 15:17:09,817] : DEBUG -> ---------------------------
7248 - [2023-04-29 15:17:09,817] : DEBUG -> 
 Tempo de Execucao: ---> 0.006510 

7248 - [2023-04-29 15:17:09,817] : DEBUG -> ---------------------------
7248 - [2023-04-29 15:17:09,817] : DEBUG -> Running input: /Users/hugolima/GitHub/HugoLima_ws_AA_RR_2022/exp/inputs/desc500k.txt - Time 0
7248 - [2023-04-29 15:19:57,902] : DEBUG -> Program output: - Time 0
7248 - [2023-04-29 15:19:57,902] : DEBUG -> ---------------------------
7248 - [2023-04-29 15:19:57,902] : DEBUG -> 
 Tempo de Execucao: ---> 1680.488330 

7248 - [2023-04-29 15:19:57,902] : DEBUG -> ---------------------------
7248 - [2023-04-29 15:19:57,902] : DEBUG -> Running input: /Users/hugolima/GitHub/HugoLima_ws_AA_RR_2022/exp/inputs/desc500k.txt - Time 1
7248 - [2023-04-29 15:22:46,004] : DEBUG -> Program output: - Time 1
7248 - [2023-04-29 15:22:46,004] : DEBUG -> ---------------------------
7248 - [2023-04-29 15:22:46,004] : DEBUG -> 
 Tempo de Execucao: ---> 1680.642390 

7248 - [2023-04-29 15:22:46,004] : DEBUG -> ---------------------------
7248 - [2023-04-29 15:22:46,004] : DEBUG -> Running input: /Users/hugolima/GitHub/HugoLima_ws_AA_RR_2022/exp/inputs/desc500k.txt - Time 2
7248 - [2023-04-29 15:25:35,014] : DEBUG -> Program output: - Time 2
7248 - [2023-04-29 15:25:35,015] : DEBUG -> ---------------------------
7248 - [2023-04-29 15:25:35,015] : DEBUG -> 
 Tempo de Execucao: ---> 1689.706100 

7248 - [2023-04-29 15:25:35,015] : DEBUG -> ---------------------------
7248 - [2023-04-29 15:25:35,015] : DEBUG -> Running input: /Users/hugolima/GitHub/HugoLima_ws_AA_RR_2022/exp/inputs/desc500k.txt - Time 3
7248 - [2023-04-29 15:28:23,473] : DEBUG -> Program output: - Time 3
7248 - [2023-04-29 15:28:23,474] : DEBUG -> ---------------------------
7248 - [2023-04-29 15:28:23,474] : DEBUG -> 
 Tempo de Execucao: ---> 1684.196190 

7248 - [2023-04-29 15:28:23,474] : DEBUG -> ---------------------------
7248 - [2023-04-29 15:28:23,474] : DEBUG -> Running input: /Users/hugolima/GitHub/HugoLima_ws_AA_RR_2022/exp/inputs/desc500k.txt - Time 4
7248 - [2023-04-29 15:31:10,852] : DEBUG -> Program output: - Time 4
7248 - [2023-04-29 15:31:10,853] : DEBUG -> ---------------------------
7248 - [2023-04-29 15:31:10,853] : DEBUG -> 
 Tempo de Execucao: ---> 1673.401840 

7248 - [2023-04-29 15:31:10,853] : DEBUG -> ---------------------------
7248 - [2023-04-29 15:31:10,853] : DEBUG -> Running input: /Users/hugolima/GitHub/HugoLima_ws_AA_RR_2022/exp/inputs/desc500k.txt - Time 5
7248 - [2023-04-29 15:33:59,407] : DEBUG -> Program output: - Time 5
7248 - [2023-04-29 15:33:59,408] : DEBUG -> ---------------------------
7248 - [2023-04-29 15:33:59,408] : DEBUG -> 
 Tempo de Execucao: ---> 1685.156490 

7248 - [2023-04-29 15:33:59,408] : DEBUG -> ---------------------------
7248 - [2023-04-29 15:33:59,408] : DEBUG -> Running input: /Users/hugolima/GitHub/HugoLima_ws_AA_RR_2022/exp/inputs/desc500k.txt - Time 6
7248 - [2023-04-29 15:36:47,992] : DEBUG -> Program output: - Time 6
7248 - [2023-04-29 15:36:47,993] : DEBUG -> ---------------------------
7248 - [2023-04-29 15:36:47,993] : DEBUG -> 
 Tempo de Execucao: ---> 1685.452390 

7248 - [2023-04-29 15:36:47,994] : DEBUG -> ---------------------------
7248 - [2023-04-29 15:36:47,994] : DEBUG -> Running input: /Users/hugolima/GitHub/HugoLima_ws_AA_RR_2022/exp/inputs/desc500k.txt - Time 7
7248 - [2023-04-29 15:39:36,867] : DEBUG -> Program output: - Time 7
7248 - [2023-04-29 15:39:36,868] : DEBUG -> ---------------------------
7248 - [2023-04-29 15:39:36,868] : DEBUG -> 
 Tempo de Execucao: ---> 1688.306770 

7248 - [2023-04-29 15:39:36,868] : DEBUG -> ---------------------------
7248 - [2023-04-29 15:39:36,868] : DEBUG -> Running input: /Users/hugolima/GitHub/HugoLima_ws_AA_RR_2022/exp/inputs/desc500k.txt - Time 8
7248 - [2023-04-29 15:42:30,923] : DEBUG -> Program output: - Time 8
7248 - [2023-04-29 15:42:30,924] : DEBUG -> ---------------------------
7248 - [2023-04-29 15:42:30,924] : DEBUG -> 
 Tempo de Execucao: ---> 1740.157200 

7248 - [2023-04-29 15:42:30,924] : DEBUG -> ---------------------------
7248 - [2023-04-29 15:42:30,924] : DEBUG -> Running input: /Users/hugolima/GitHub/HugoLima_ws_AA_RR_2022/exp/inputs/desc500k.txt - Time 9
7248 - [2023-04-29 15:45:17,822] : DEBUG -> Program output: - Time 9
7248 - [2023-04-29 15:45:17,822] : DEBUG -> ---------------------------
7248 - [2023-04-29 15:45:17,822] : DEBUG -> 
 Tempo de Execucao: ---> 1668.620910 

7248 - [2023-04-29 15:45:17,822] : DEBUG -> ---------------------------
7248 - [2023-04-29 15:45:17,822] : DEBUG -> Running input: /Users/hugolima/GitHub/HugoLima_ws_AA_RR_2022/exp/inputs/desc500k.txt - Time 10
7248 - [2023-04-29 15:48:43,448] : DEBUG -> Program output: - Time 10
7248 - [2023-04-29 15:48:43,449] : DEBUG -> ---------------------------
7248 - [2023-04-29 15:48:43,449] : DEBUG -> 
 Tempo de Execucao: ---> 2055.894190 

7248 - [2023-04-29 15:48:43,449] : DEBUG -> ---------------------------
7248 - [2023-04-29 15:48:43,449] : DEBUG -> Running input: /Users/hugolima/GitHub/HugoLima_ws_AA_RR_2022/exp/inputs/desc500k.txt - Time 11
7248 - [2023-04-29 15:51:29,895] : DEBUG -> Program output: - Time 11
7248 - [2023-04-29 15:51:29,896] : DEBUG -> ---------------------------
7248 - [2023-04-29 15:51:29,896] : DEBUG -> 
 Tempo de Execucao: ---> 1664.095070 

7248 - [2023-04-29 15:51:29,896] : DEBUG -> ---------------------------
7248 - [2023-04-29 15:51:29,896] : DEBUG -> Running input: /Users/hugolima/GitHub/HugoLima_ws_AA_RR_2022/exp/inputs/desc500k.txt - Time 12
7248 - [2023-04-29 15:54:16,336] : DEBUG -> Program output: - Time 12
7248 - [2023-04-29 15:54:16,336] : DEBUG -> ---------------------------
7248 - [2023-04-29 15:54:16,336] : DEBUG -> 
 Tempo de Execucao: ---> 1664.044470 

7248 - [2023-04-29 15:54:16,336] : DEBUG -> ---------------------------
7248 - [2023-04-29 15:54:16,338] : DEBUG -> Running input: /Users/hugolima/GitHub/HugoLima_ws_AA_RR_2022/exp/inputs/desc1k.txt - Time 0
7248 - [2023-04-29 15:54:16,341] : DEBUG -> Program output: - Time 0
7248 - [2023-04-29 15:54:16,341] : DEBUG -> ---------------------------
7248 - [2023-04-29 15:54:16,341] : DEBUG -> 
 Tempo de Execucao: ---> 0.006810 

7248 - [2023-04-29 15:54:16,341] : DEBUG -> ---------------------------
7248 - [2023-04-29 15:54:16,341] : DEBUG -> Running input: /Users/hugolima/GitHub/HugoLima_ws_AA_RR_2022/exp/inputs/desc1k.txt - Time 1
7248 - [2023-04-29 15:54:16,343] : DEBUG -> Program output: - Time 1
7248 - [2023-04-29 15:54:16,343] : DEBUG -> ---------------------------
7248 - [2023-04-29 15:54:16,343] : DEBUG -> 
 Tempo de Execucao: ---> 0.007010 

7248 - [2023-04-29 15:54:16,343] : DEBUG -> ---------------------------
7248 - [2023-04-29 15:54:16,343] : DEBUG -> Running input: /Users/hugolima/GitHub/HugoLima_ws_AA_RR_2022/exp/inputs/desc1k.txt - Time 2
7248 - [2023-04-29 15:54:16,345] : DEBUG -> Program output: - Time 2
7248 - [2023-04-29 15:54:16,345] : DEBUG -> ---------------------------
7248 - [2023-04-29 15:54:16,345] : DEBUG -> 
 Tempo de Execucao: ---> 0.006800 

7248 - [2023-04-29 15:54:16,345] : DEBUG -> ---------------------------
7248 - [2023-04-29 15:54:16,345] : DEBUG -> Running input: /Users/hugolima/GitHub/HugoLima_ws_AA_RR_2022/exp/inputs/desc1k.txt - Time 3
7248 - [2023-04-29 15:54:16,347] : DEBUG -> Program output: - Time 3
7248 - [2023-04-29 15:54:16,347] : DEBUG -> ---------------------------
7248 - [2023-04-29 15:54:16,347] : DEBUG -> 
 Tempo de Execucao: ---> 0.006780 

7248 - [2023-04-29 15:54:16,347] : DEBUG -> ---------------------------
7248 - [2023-04-29 15:54:16,347] : DEBUG -> Running input: /Users/hugolima/GitHub/HugoLima_ws_AA_RR_2022/exp/inputs/desc1k.txt - Time 4
7248 - [2023-04-29 15:54:16,349] : DEBUG -> Program output: - Time 4
7248 - [2023-04-29 15:54:16,349] : DEBUG -> ---------------------------
7248 - [2023-04-29 15:54:16,349] : DEBUG -> 
 Tempo de Execucao: ---> 0.006780 

7248 - [2023-04-29 15:54:16,349] : DEBUG -> ---------------------------
7248 - [2023-04-29 15:54:16,349] : DEBUG -> Running input: /Users/hugolima/GitHub/HugoLima_ws_AA_RR_2022/exp/inputs/desc1k.txt - Time 5
7248 - [2023-04-29 15:54:16,351] : DEBUG -> Program output: - Time 5
7248 - [2023-04-29 15:54:16,351] : DEBUG -> ---------------------------
7248 - [2023-04-29 15:54:16,352] : DEBUG -> 
 Tempo de Execucao: ---> 0.006770 

7248 - [2023-04-29 15:54:16,352] : DEBUG -> ---------------------------
7248 - [2023-04-29 15:54:16,352] : DEBUG -> Running input: /Users/hugolima/GitHub/HugoLima_ws_AA_RR_2022/exp/inputs/desc1k.txt - Time 6
7248 - [2023-04-29 15:54:16,354] : DEBUG -> Program output: - Time 6
7248 - [2023-04-29 15:54:16,354] : DEBUG -> ---------------------------
7248 - [2023-04-29 15:54:16,354] : DEBUG -> 
 Tempo de Execucao: ---> 0.006930 

7248 - [2023-04-29 15:54:16,354] : DEBUG -> ---------------------------
7248 - [2023-04-29 15:54:16,354] : DEBUG -> Running input: /Users/hugolima/GitHub/HugoLima_ws_AA_RR_2022/exp/inputs/desc1k.txt - Time 7
7248 - [2023-04-29 15:54:16,356] : DEBUG -> Program output: - Time 7
7248 - [2023-04-29 15:54:16,356] : DEBUG -> ---------------------------
7248 - [2023-04-29 15:54:16,356] : DEBUG -> 
 Tempo de Execucao: ---> 0.006770 

7248 - [2023-04-29 15:54:16,356] : DEBUG -> ---------------------------
7248 - [2023-04-29 15:54:16,356] : DEBUG -> Running input: /Users/hugolima/GitHub/HugoLima_ws_AA_RR_2022/exp/inputs/desc1k.txt - Time 8
7248 - [2023-04-29 15:54:16,358] : DEBUG -> Program output: - Time 8
7248 - [2023-04-29 15:54:16,358] : DEBUG -> ---------------------------
7248 - [2023-04-29 15:54:16,358] : DEBUG -> 
 Tempo de Execucao: ---> 0.006770 

7248 - [2023-04-29 15:54:16,358] : DEBUG -> ---------------------------
7248 - [2023-04-29 15:54:16,358] : DEBUG -> Running input: /Users/hugolima/GitHub/HugoLima_ws_AA_RR_2022/exp/inputs/desc1k.txt - Time 9
7248 - [2023-04-29 15:54:16,360] : DEBUG -> Program output: - Time 9
7248 - [2023-04-29 15:54:16,360] : DEBUG -> ---------------------------
7248 - [2023-04-29 15:54:16,360] : DEBUG -> 
 Tempo de Execucao: ---> 0.006770 

7248 - [2023-04-29 15:54:16,360] : DEBUG -> ---------------------------
7248 - [2023-04-29 15:54:16,360] : DEBUG -> Running input: /Users/hugolima/GitHub/HugoLima_ws_AA_RR_2022/exp/inputs/desc1k.txt - Time 10
7248 - [2023-04-29 15:54:16,362] : DEBUG -> Program output: - Time 10
7248 - [2023-04-29 15:54:16,362] : DEBUG -> ---------------------------
7248 - [2023-04-29 15:54:16,362] : DEBUG -> 
 Tempo de Execucao: ---> 0.006930 

7248 - [2023-04-29 15:54:16,362] : DEBUG -> ---------------------------
7248 - [2023-04-29 15:54:16,362] : DEBUG -> Running input: /Users/hugolima/GitHub/HugoLima_ws_AA_RR_2022/exp/inputs/desc1k.txt - Time 11
7248 - [2023-04-29 15:54:16,363] : DEBUG -> Program output: - Time 11
7248 - [2023-04-29 15:54:16,363] : DEBUG -> ---------------------------
7248 - [2023-04-29 15:54:16,363] : DEBUG -> 
 Tempo de Execucao: ---> 0.006770 

7248 - [2023-04-29 15:54:16,364] : DEBUG -> ---------------------------
7248 - [2023-04-29 15:54:16,364] : DEBUG -> Running input: /Users/hugolima/GitHub/HugoLima_ws_AA_RR_2022/exp/inputs/desc1k.txt - Time 12
7248 - [2023-04-29 15:54:16,365] : DEBUG -> Program output: - Time 12
7248 - [2023-04-29 15:54:16,365] : DEBUG -> ---------------------------
7248 - [2023-04-29 15:54:16,365] : DEBUG -> 
 Tempo de Execucao: ---> 0.006790 

7248 - [2023-04-29 15:54:16,365] : DEBUG -> ---------------------------
7248 - [2023-04-29 15:54:16,366] : DEBUG -> Running input: /Users/hugolima/GitHub/HugoLima_ws_AA_RR_2022/exp/inputs/asc500k.txt - Time 0
7248 - [2023-04-29 15:56:43,925] : DEBUG -> Program output: - Time 0
7248 - [2023-04-29 15:56:43,926] : DEBUG -> ---------------------------
7248 - [2023-04-29 15:56:43,926] : DEBUG -> 
 Tempo de Execucao: ---> 1475.244370 

7248 - [2023-04-29 15:56:43,926] : DEBUG -> ---------------------------
7248 - [2023-04-29 15:56:43,926] : DEBUG -> Running input: /Users/hugolima/GitHub/HugoLima_ws_AA_RR_2022/exp/inputs/asc500k.txt - Time 1
7248 - [2023-04-29 15:59:11,513] : DEBUG -> Program output: - Time 1
7248 - [2023-04-29 15:59:11,513] : DEBUG -> ---------------------------
7248 - [2023-04-29 15:59:11,513] : DEBUG -> 
 Tempo de Execucao: ---> 1475.505230 

7248 - [2023-04-29 15:59:11,513] : DEBUG -> ---------------------------
7248 - [2023-04-29 15:59:11,513] : DEBUG -> Running input: /Users/hugolima/GitHub/HugoLima_ws_AA_RR_2022/exp/inputs/asc500k.txt - Time 2
7248 - [2023-04-29 16:01:39,445] : DEBUG -> Program output: - Time 2
7248 - [2023-04-29 16:01:39,445] : DEBUG -> ---------------------------
7248 - [2023-04-29 16:01:39,445] : DEBUG -> 
 Tempo de Execucao: ---> 1478.960650 

7248 - [2023-04-29 16:01:39,445] : DEBUG -> ---------------------------
7248 - [2023-04-29 16:01:39,445] : DEBUG -> Running input: /Users/hugolima/GitHub/HugoLima_ws_AA_RR_2022/exp/inputs/asc500k.txt - Time 3
7248 - [2023-04-29 16:04:07,090] : DEBUG -> Program output: - Time 3
7248 - [2023-04-29 16:04:07,092] : DEBUG -> ---------------------------
7248 - [2023-04-29 16:04:07,092] : DEBUG -> 
 Tempo de Execucao: ---> 1476.096340 

7248 - [2023-04-29 16:04:07,092] : DEBUG -> ---------------------------
7248 - [2023-04-29 16:04:07,092] : DEBUG -> Running input: /Users/hugolima/GitHub/HugoLima_ws_AA_RR_2022/exp/inputs/asc500k.txt - Time 4
7248 - [2023-04-29 16:06:35,089] : DEBUG -> Program output: - Time 4
7248 - [2023-04-29 16:06:35,090] : DEBUG -> ---------------------------
7248 - [2023-04-29 16:06:35,090] : DEBUG -> 
 Tempo de Execucao: ---> 1479.618760 

7248 - [2023-04-29 16:06:35,090] : DEBUG -> ---------------------------
7248 - [2023-04-29 16:06:35,090] : DEBUG -> Running input: /Users/hugolima/GitHub/HugoLima_ws_AA_RR_2022/exp/inputs/asc500k.txt - Time 5
7248 - [2023-04-29 16:09:02,868] : DEBUG -> Program output: - Time 5
7248 - [2023-04-29 16:09:02,868] : DEBUG -> ---------------------------
7248 - [2023-04-29 16:09:02,868] : DEBUG -> 
 Tempo de Execucao: ---> 1477.426740 

7248 - [2023-04-29 16:09:02,868] : DEBUG -> ---------------------------
7248 - [2023-04-29 16:09:02,868] : DEBUG -> Running input: /Users/hugolima/GitHub/HugoLima_ws_AA_RR_2022/exp/inputs/asc500k.txt - Time 6
7248 - [2023-04-29 16:11:30,742] : DEBUG -> Program output: - Time 6
7248 - [2023-04-29 16:11:30,742] : DEBUG -> ---------------------------
7248 - [2023-04-29 16:11:30,742] : DEBUG -> 
 Tempo de Execucao: ---> 1478.381260 

7248 - [2023-04-29 16:11:30,742] : DEBUG -> ---------------------------
7248 - [2023-04-29 16:11:30,742] : DEBUG -> Running input: /Users/hugolima/GitHub/HugoLima_ws_AA_RR_2022/exp/inputs/asc500k.txt - Time 7
7248 - [2023-04-29 16:13:58,338] : DEBUG -> Program output: - Time 7
7248 - [2023-04-29 16:13:58,338] : DEBUG -> ---------------------------
7248 - [2023-04-29 16:13:58,338] : DEBUG -> 
 Tempo de Execucao: ---> 1475.603900 

7248 - [2023-04-29 16:13:58,338] : DEBUG -> ---------------------------
7248 - [2023-04-29 16:13:58,338] : DEBUG -> Running input: /Users/hugolima/GitHub/HugoLima_ws_AA_RR_2022/exp/inputs/asc500k.txt - Time 8
7248 - [2023-04-29 16:16:25,823] : DEBUG -> Program output: - Time 8
7248 - [2023-04-29 16:16:25,823] : DEBUG -> ---------------------------
7248 - [2023-04-29 16:16:25,823] : DEBUG -> 
 Tempo de Execucao: ---> 1474.492800 

7248 - [2023-04-29 16:16:25,823] : DEBUG -> ---------------------------
7248 - [2023-04-29 16:16:25,823] : DEBUG -> Running input: /Users/hugolima/GitHub/HugoLima_ws_AA_RR_2022/exp/inputs/asc500k.txt - Time 9
7248 - [2023-04-29 16:18:53,406] : DEBUG -> Program output: - Time 9
7248 - [2023-04-29 16:18:53,407] : DEBUG -> ---------------------------
7248 - [2023-04-29 16:18:53,407] : DEBUG -> 
 Tempo de Execucao: ---> 1475.478990 

7248 - [2023-04-29 16:18:53,407] : DEBUG -> ---------------------------
7248 - [2023-04-29 16:18:53,407] : DEBUG -> Running input: /Users/hugolima/GitHub/HugoLima_ws_AA_RR_2022/exp/inputs/asc500k.txt - Time 10
7248 - [2023-04-29 16:21:22,637] : DEBUG -> Program output: - Time 10
7248 - [2023-04-29 16:21:22,638] : DEBUG -> ---------------------------
7248 - [2023-04-29 16:21:22,638] : DEBUG -> 
 Tempo de Execucao: ---> 1491.929040 

7248 - [2023-04-29 16:21:22,638] : DEBUG -> ---------------------------
7248 - [2023-04-29 16:21:22,638] : DEBUG -> Running input: /Users/hugolima/GitHub/HugoLima_ws_AA_RR_2022/exp/inputs/asc500k.txt - Time 11
7248 - [2023-04-29 16:23:58,497] : DEBUG -> Program output: - Time 11
7248 - [2023-04-29 16:23:58,498] : DEBUG -> ---------------------------
7248 - [2023-04-29 16:23:58,498] : DEBUG -> 
 Tempo de Execucao: ---> 1558.225220 

7248 - [2023-04-29 16:23:58,498] : DEBUG -> ---------------------------
7248 - [2023-04-29 16:23:58,498] : DEBUG -> Running input: /Users/hugolima/GitHub/HugoLima_ws_AA_RR_2022/exp/inputs/asc500k.txt - Time 12
7248 - [2023-04-29 16:26:26,709] : DEBUG -> Program output: - Time 12
7248 - [2023-04-29 16:26:26,709] : DEBUG -> ---------------------------
7248 - [2023-04-29 16:26:26,709] : DEBUG -> 
 Tempo de Execucao: ---> 1481.710770 

7248 - [2023-04-29 16:26:26,709] : DEBUG -> ---------------------------
7248 - [2023-04-29 16:26:26,710] : DEBUG -> Running input: /Users/hugolima/GitHub/HugoLima_ws_AA_RR_2022/exp/inputs/desc.txt - Time 0
7248 - [2023-04-29 16:26:26,714] : DEBUG -> Program output: - Time 0
7248 - [2023-04-29 16:26:26,714] : DEBUG -> ---------------------------
7248 - [2023-04-29 16:26:26,714] : DEBUG -> 
 Tempo de Execucao: ---> 0.000100 

7248 - [2023-04-29 16:26:26,714] : DEBUG -> ---------------------------
7248 - [2023-04-29 16:26:26,714] : DEBUG -> Running input: /Users/hugolima/GitHub/HugoLima_ws_AA_RR_2022/exp/inputs/desc.txt - Time 1
7248 - [2023-04-29 16:26:26,716] : DEBUG -> Program output: - Time 1
7248 - [2023-04-29 16:26:26,716] : DEBUG -> ---------------------------
7248 - [2023-04-29 16:26:26,716] : DEBUG -> 
 Tempo de Execucao: ---> 0.000090 

7248 - [2023-04-29 16:26:26,716] : DEBUG -> ---------------------------
7248 - [2023-04-29 16:26:26,716] : DEBUG -> Running input: /Users/hugolima/GitHub/HugoLima_ws_AA_RR_2022/exp/inputs/desc.txt - Time 2
7248 - [2023-04-29 16:26:26,717] : DEBUG -> Program output: - Time 2
7248 - [2023-04-29 16:26:26,717] : DEBUG -> ---------------------------
7248 - [2023-04-29 16:26:26,717] : DEBUG -> 
 Tempo de Execucao: ---> 0.000090 

7248 - [2023-04-29 16:26:26,717] : DEBUG -> ---------------------------
7248 - [2023-04-29 16:26:26,717] : DEBUG -> Running input: /Users/hugolima/GitHub/HugoLima_ws_AA_RR_2022/exp/inputs/desc.txt - Time 3
7248 - [2023-04-29 16:26:26,718] : DEBUG -> Program output: - Time 3
7248 - [2023-04-29 16:26:26,718] : DEBUG -> ---------------------------
7248 - [2023-04-29 16:26:26,718] : DEBUG -> 
 Tempo de Execucao: ---> 0.000100 

7248 - [2023-04-29 16:26:26,718] : DEBUG -> ---------------------------
7248 - [2023-04-29 16:26:26,718] : DEBUG -> Running input: /Users/hugolima/GitHub/HugoLima_ws_AA_RR_2022/exp/inputs/desc.txt - Time 4
7248 - [2023-04-29 16:26:26,720] : DEBUG -> Program output: - Time 4
7248 - [2023-04-29 16:26:26,720] : DEBUG -> ---------------------------
7248 - [2023-04-29 16:26:26,720] : DEBUG -> 
 Tempo de Execucao: ---> 0.000090 

7248 - [2023-04-29 16:26:26,720] : DEBUG -> ---------------------------
7248 - [2023-04-29 16:26:26,720] : DEBUG -> Running input: /Users/hugolima/GitHub/HugoLima_ws_AA_RR_2022/exp/inputs/desc.txt - Time 5
7248 - [2023-04-29 16:26:26,721] : DEBUG -> Program output: - Time 5
7248 - [2023-04-29 16:26:26,721] : DEBUG -> ---------------------------
7248 - [2023-04-29 16:26:26,721] : DEBUG -> 
 Tempo de Execucao: ---> 0.000090 

7248 - [2023-04-29 16:26:26,721] : DEBUG -> ---------------------------
7248 - [2023-04-29 16:26:26,721] : DEBUG -> Running input: /Users/hugolima/GitHub/HugoLima_ws_AA_RR_2022/exp/inputs/desc.txt - Time 6
7248 - [2023-04-29 16:26:26,722] : DEBUG -> Program output: - Time 6
7248 - [2023-04-29 16:26:26,722] : DEBUG -> ---------------------------
7248 - [2023-04-29 16:26:26,722] : DEBUG -> 
 Tempo de Execucao: ---> 0.000090 

7248 - [2023-04-29 16:26:26,722] : DEBUG -> ---------------------------
7248 - [2023-04-29 16:26:26,722] : DEBUG -> Running input: /Users/hugolima/GitHub/HugoLima_ws_AA_RR_2022/exp/inputs/desc.txt - Time 7
7248 - [2023-04-29 16:26:26,723] : DEBUG -> Program output: - Time 7
7248 - [2023-04-29 16:26:26,723] : DEBUG -> ---------------------------
7248 - [2023-04-29 16:26:26,723] : DEBUG -> 
 Tempo de Execucao: ---> 0.000100 

7248 - [2023-04-29 16:26:26,723] : DEBUG -> ---------------------------
7248 - [2023-04-29 16:26:26,723] : DEBUG -> Running input: /Users/hugolima/GitHub/HugoLima_ws_AA_RR_2022/exp/inputs/desc.txt - Time 8
7248 - [2023-04-29 16:26:26,724] : DEBUG -> Program output: - Time 8
7248 - [2023-04-29 16:26:26,724] : DEBUG -> ---------------------------
7248 - [2023-04-29 16:26:26,724] : DEBUG -> 
 Tempo de Execucao: ---> 0.000090 

7248 - [2023-04-29 16:26:26,724] : DEBUG -> ---------------------------
7248 - [2023-04-29 16:26:26,724] : DEBUG -> Running input: /Users/hugolima/GitHub/HugoLima_ws_AA_RR_2022/exp/inputs/desc.txt - Time 9
7248 - [2023-04-29 16:26:26,726] : DEBUG -> Program output: - Time 9
7248 - [2023-04-29 16:26:26,726] : DEBUG -> ---------------------------
7248 - [2023-04-29 16:26:26,726] : DEBUG -> 
 Tempo de Execucao: ---> 0.000090 

7248 - [2023-04-29 16:26:26,726] : DEBUG -> ---------------------------
7248 - [2023-04-29 16:26:26,726] : DEBUG -> Running input: /Users/hugolima/GitHub/HugoLima_ws_AA_RR_2022/exp/inputs/desc.txt - Time 10
7248 - [2023-04-29 16:26:26,727] : DEBUG -> Program output: - Time 10
7248 - [2023-04-29 16:26:26,727] : DEBUG -> ---------------------------
7248 - [2023-04-29 16:26:26,727] : DEBUG -> 
 Tempo de Execucao: ---> 0.000090 

7248 - [2023-04-29 16:26:26,727] : DEBUG -> ---------------------------
7248 - [2023-04-29 16:26:26,727] : DEBUG -> Running input: /Users/hugolima/GitHub/HugoLima_ws_AA_RR_2022/exp/inputs/desc.txt - Time 11
7248 - [2023-04-29 16:26:26,728] : DEBUG -> Program output: - Time 11
7248 - [2023-04-29 16:26:26,728] : DEBUG -> ---------------------------
7248 - [2023-04-29 16:26:26,728] : DEBUG -> 
 Tempo de Execucao: ---> 0.000090 

7248 - [2023-04-29 16:26:26,728] : DEBUG -> ---------------------------
7248 - [2023-04-29 16:26:26,728] : DEBUG -> Running input: /Users/hugolima/GitHub/HugoLima_ws_AA_RR_2022/exp/inputs/desc.txt - Time 12
7248 - [2023-04-29 16:26:26,729] : DEBUG -> Program output: - Time 12
7248 - [2023-04-29 16:26:26,729] : DEBUG -> ---------------------------
7248 - [2023-04-29 16:26:26,729] : DEBUG -> 
 Tempo de Execucao: ---> 0.000090 

7248 - [2023-04-29 16:26:26,729] : DEBUG -> ---------------------------
7248 - [2023-04-29 16:26:26,729] : DEBUG -> Running input: /Users/hugolima/GitHub/HugoLima_ws_AA_RR_2022/exp/inputs/asc.txt - Time 0
7248 - [2023-04-29 16:26:26,731] : DEBUG -> Program output: - Time 0
7248 - [2023-04-29 16:26:26,731] : DEBUG -> ---------------------------
7248 - [2023-04-29 16:26:26,731] : DEBUG -> 
 Tempo de Execucao: ---> 0.000080 

7248 - [2023-04-29 16:26:26,731] : DEBUG -> ---------------------------
7248 - [2023-04-29 16:26:26,731] : DEBUG -> Running input: /Users/hugolima/GitHub/HugoLima_ws_AA_RR_2022/exp/inputs/asc.txt - Time 1
7248 - [2023-04-29 16:26:26,732] : DEBUG -> Program output: - Time 1
7248 - [2023-04-29 16:26:26,732] : DEBUG -> ---------------------------
7248 - [2023-04-29 16:26:26,732] : DEBUG -> 
 Tempo de Execucao: ---> 0.000070 

7248 - [2023-04-29 16:26:26,732] : DEBUG -> ---------------------------
7248 - [2023-04-29 16:26:26,732] : DEBUG -> Running input: /Users/hugolima/GitHub/HugoLima_ws_AA_RR_2022/exp/inputs/asc.txt - Time 2
7248 - [2023-04-29 16:26:26,733] : DEBUG -> Program output: - Time 2
7248 - [2023-04-29 16:26:26,733] : DEBUG -> ---------------------------
7248 - [2023-04-29 16:26:26,733] : DEBUG -> 
 Tempo de Execucao: ---> 0.000080 

7248 - [2023-04-29 16:26:26,733] : DEBUG -> ---------------------------
7248 - [2023-04-29 16:26:26,733] : DEBUG -> Running input: /Users/hugolima/GitHub/HugoLima_ws_AA_RR_2022/exp/inputs/asc.txt - Time 3
7248 - [2023-04-29 16:26:26,734] : DEBUG -> Program output: - Time 3
7248 - [2023-04-29 16:26:26,734] : DEBUG -> ---------------------------
7248 - [2023-04-29 16:26:26,734] : DEBUG -> 
 Tempo de Execucao: ---> 0.000080 

7248 - [2023-04-29 16:26:26,734] : DEBUG -> ---------------------------
7248 - [2023-04-29 16:26:26,734] : DEBUG -> Running input: /Users/hugolima/GitHub/HugoLima_ws_AA_RR_2022/exp/inputs/asc.txt - Time 4
7248 - [2023-04-29 16:26:26,736] : DEBUG -> Program output: - Time 4
7248 - [2023-04-29 16:26:26,736] : DEBUG -> ---------------------------
7248 - [2023-04-29 16:26:26,736] : DEBUG -> 
 Tempo de Execucao: ---> 0.000070 

7248 - [2023-04-29 16:26:26,736] : DEBUG -> ---------------------------
7248 - [2023-04-29 16:26:26,736] : DEBUG -> Running input: /Users/hugolima/GitHub/HugoLima_ws_AA_RR_2022/exp/inputs/asc.txt - Time 5
7248 - [2023-04-29 16:26:26,737] : DEBUG -> Program output: - Time 5
7248 - [2023-04-29 16:26:26,737] : DEBUG -> ---------------------------
7248 - [2023-04-29 16:26:26,737] : DEBUG -> 
 Tempo de Execucao: ---> 0.000090 

7248 - [2023-04-29 16:26:26,737] : DEBUG -> ---------------------------
7248 - [2023-04-29 16:26:26,737] : DEBUG -> Running input: /Users/hugolima/GitHub/HugoLima_ws_AA_RR_2022/exp/inputs/asc.txt - Time 6
7248 - [2023-04-29 16:26:26,738] : DEBUG -> Program output: - Time 6
7248 - [2023-04-29 16:26:26,738] : DEBUG -> ---------------------------
7248 - [2023-04-29 16:26:26,738] : DEBUG -> 
 Tempo de Execucao: ---> 0.000070 

7248 - [2023-04-29 16:26:26,738] : DEBUG -> ---------------------------
7248 - [2023-04-29 16:26:26,738] : DEBUG -> Running input: /Users/hugolima/GitHub/HugoLima_ws_AA_RR_2022/exp/inputs/asc.txt - Time 7
7248 - [2023-04-29 16:26:26,739] : DEBUG -> Program output: - Time 7
7248 - [2023-04-29 16:26:26,739] : DEBUG -> ---------------------------
7248 - [2023-04-29 16:26:26,739] : DEBUG -> 
 Tempo de Execucao: ---> 0.000070 

7248 - [2023-04-29 16:26:26,739] : DEBUG -> ---------------------------
7248 - [2023-04-29 16:26:26,739] : DEBUG -> Running input: /Users/hugolima/GitHub/HugoLima_ws_AA_RR_2022/exp/inputs/asc.txt - Time 8
7248 - [2023-04-29 16:26:26,740] : DEBUG -> Program output: - Time 8
7248 - [2023-04-29 16:26:26,740] : DEBUG -> ---------------------------
7248 - [2023-04-29 16:26:26,740] : DEBUG -> 
 Tempo de Execucao: ---> 0.000080 

7248 - [2023-04-29 16:26:26,740] : DEBUG -> ---------------------------
7248 - [2023-04-29 16:26:26,740] : DEBUG -> Running input: /Users/hugolima/GitHub/HugoLima_ws_AA_RR_2022/exp/inputs/asc.txt - Time 9
7248 - [2023-04-29 16:26:26,741] : DEBUG -> Program output: - Time 9
7248 - [2023-04-29 16:26:26,742] : DEBUG -> ---------------------------
7248 - [2023-04-29 16:26:26,742] : DEBUG -> 
 Tempo de Execucao: ---> 0.000080 

7248 - [2023-04-29 16:26:26,742] : DEBUG -> ---------------------------
7248 - [2023-04-29 16:26:26,742] : DEBUG -> Running input: /Users/hugolima/GitHub/HugoLima_ws_AA_RR_2022/exp/inputs/asc.txt - Time 10
7248 - [2023-04-29 16:26:26,743] : DEBUG -> Program output: - Time 10
7248 - [2023-04-29 16:26:26,743] : DEBUG -> ---------------------------
7248 - [2023-04-29 16:26:26,743] : DEBUG -> 
 Tempo de Execucao: ---> 0.000080 

7248 - [2023-04-29 16:26:26,743] : DEBUG -> ---------------------------
7248 - [2023-04-29 16:26:26,743] : DEBUG -> Running input: /Users/hugolima/GitHub/HugoLima_ws_AA_RR_2022/exp/inputs/asc.txt - Time 11
7248 - [2023-04-29 16:26:26,744] : DEBUG -> Program output: - Time 11
7248 - [2023-04-29 16:26:26,744] : DEBUG -> ---------------------------
7248 - [2023-04-29 16:26:26,744] : DEBUG -> 
 Tempo de Execucao: ---> 0.000070 

7248 - [2023-04-29 16:26:26,744] : DEBUG -> ---------------------------
7248 - [2023-04-29 16:26:26,744] : DEBUG -> Running input: /Users/hugolima/GitHub/HugoLima_ws_AA_RR_2022/exp/inputs/asc.txt - Time 12
7248 - [2023-04-29 16:26:26,745] : DEBUG -> Program output: - Time 12
7248 - [2023-04-29 16:26:26,745] : DEBUG -> ---------------------------
7248 - [2023-04-29 16:26:26,745] : DEBUG -> 
 Tempo de Execucao: ---> 0.000080 

7248 - [2023-04-29 16:26:26,745] : DEBUG -> ---------------------------
7248 - [2023-04-29 16:26:26,745] : DEBUG -> Running input: /Users/hugolima/GitHub/HugoLima_ws_AA_RR_2022/exp/inputs/rand10k.txt - Time 0
7248 - [2023-04-29 16:26:26,807] : DEBUG -> Program output: - Time 0
7248 - [2023-04-29 16:26:26,807] : DEBUG -> ---------------------------
7248 - [2023-04-29 16:26:26,807] : DEBUG -> 
 Tempo de Execucao: ---> 0.598680 

7248 - [2023-04-29 16:26:26,807] : DEBUG -> ---------------------------
7248 - [2023-04-29 16:26:26,807] : DEBUG -> Running input: /Users/hugolima/GitHub/HugoLima_ws_AA_RR_2022/exp/inputs/rand10k.txt - Time 1
7248 - [2023-04-29 16:26:26,869] : DEBUG -> Program output: - Time 1
7248 - [2023-04-29 16:26:26,869] : DEBUG -> ---------------------------
7248 - [2023-04-29 16:26:26,869] : DEBUG -> 
 Tempo de Execucao: ---> 0.598900 

7248 - [2023-04-29 16:26:26,869] : DEBUG -> ---------------------------
7248 - [2023-04-29 16:26:26,869] : DEBUG -> Running input: /Users/hugolima/GitHub/HugoLima_ws_AA_RR_2022/exp/inputs/rand10k.txt - Time 2
7248 - [2023-04-29 16:26:26,931] : DEBUG -> Program output: - Time 2
7248 - [2023-04-29 16:26:26,931] : DEBUG -> ---------------------------
7248 - [2023-04-29 16:26:26,931] : DEBUG -> 
 Tempo de Execucao: ---> 0.598790 

7248 - [2023-04-29 16:26:26,931] : DEBUG -> ---------------------------
7248 - [2023-04-29 16:26:26,931] : DEBUG -> Running input: /Users/hugolima/GitHub/HugoLima_ws_AA_RR_2022/exp/inputs/rand10k.txt - Time 3
7248 - [2023-04-29 16:26:26,993] : DEBUG -> Program output: - Time 3
7248 - [2023-04-29 16:26:26,993] : DEBUG -> ---------------------------
7248 - [2023-04-29 16:26:26,993] : DEBUG -> 
 Tempo de Execucao: ---> 0.598660 

7248 - [2023-04-29 16:26:26,993] : DEBUG -> ---------------------------
7248 - [2023-04-29 16:26:26,993] : DEBUG -> Running input: /Users/hugolima/GitHub/HugoLima_ws_AA_RR_2022/exp/inputs/rand10k.txt - Time 4
7248 - [2023-04-29 16:26:27,055] : DEBUG -> Program output: - Time 4
7248 - [2023-04-29 16:26:27,055] : DEBUG -> ---------------------------
7248 - [2023-04-29 16:26:27,055] : DEBUG -> 
 Tempo de Execucao: ---> 0.599000 

7248 - [2023-04-29 16:26:27,055] : DEBUG -> ---------------------------
7248 - [2023-04-29 16:26:27,055] : DEBUG -> Running input: /Users/hugolima/GitHub/HugoLima_ws_AA_RR_2022/exp/inputs/rand10k.txt - Time 5
7248 - [2023-04-29 16:26:27,116] : DEBUG -> Program output: - Time 5
7248 - [2023-04-29 16:26:27,117] : DEBUG -> ---------------------------
7248 - [2023-04-29 16:26:27,117] : DEBUG -> 
 Tempo de Execucao: ---> 0.600040 

7248 - [2023-04-29 16:26:27,117] : DEBUG -> ---------------------------
7248 - [2023-04-29 16:26:27,117] : DEBUG -> Running input: /Users/hugolima/GitHub/HugoLima_ws_AA_RR_2022/exp/inputs/rand10k.txt - Time 6
7248 - [2023-04-29 16:26:27,178] : DEBUG -> Program output: - Time 6
7248 - [2023-04-29 16:26:27,178] : DEBUG -> ---------------------------
7248 - [2023-04-29 16:26:27,178] : DEBUG -> 
 Tempo de Execucao: ---> 0.599520 

7248 - [2023-04-29 16:26:27,178] : DEBUG -> ---------------------------
7248 - [2023-04-29 16:26:27,178] : DEBUG -> Running input: /Users/hugolima/GitHub/HugoLima_ws_AA_RR_2022/exp/inputs/rand10k.txt - Time 7
7248 - [2023-04-29 16:26:27,240] : DEBUG -> Program output: - Time 7
7248 - [2023-04-29 16:26:27,240] : DEBUG -> ---------------------------
7248 - [2023-04-29 16:26:27,240] : DEBUG -> 
 Tempo de Execucao: ---> 0.598800 

7248 - [2023-04-29 16:26:27,240] : DEBUG -> ---------------------------
7248 - [2023-04-29 16:26:27,240] : DEBUG -> Running input: /Users/hugolima/GitHub/HugoLima_ws_AA_RR_2022/exp/inputs/rand10k.txt - Time 8
7248 - [2023-04-29 16:26:27,302] : DEBUG -> Program output: - Time 8
7248 - [2023-04-29 16:26:27,302] : DEBUG -> ---------------------------
7248 - [2023-04-29 16:26:27,302] : DEBUG -> 
 Tempo de Execucao: ---> 0.598810 

7248 - [2023-04-29 16:26:27,302] : DEBUG -> ---------------------------
7248 - [2023-04-29 16:26:27,302] : DEBUG -> Running input: /Users/hugolima/GitHub/HugoLima_ws_AA_RR_2022/exp/inputs/rand10k.txt - Time 9
7248 - [2023-04-29 16:26:27,364] : DEBUG -> Program output: - Time 9
7248 - [2023-04-29 16:26:27,364] : DEBUG -> ---------------------------
7248 - [2023-04-29 16:26:27,364] : DEBUG -> 
 Tempo de Execucao: ---> 0.599310 

7248 - [2023-04-29 16:26:27,364] : DEBUG -> ---------------------------
7248 - [2023-04-29 16:26:27,364] : DEBUG -> Running input: /Users/hugolima/GitHub/HugoLima_ws_AA_RR_2022/exp/inputs/rand10k.txt - Time 10
7248 - [2023-04-29 16:26:27,426] : DEBUG -> Program output: - Time 10
7248 - [2023-04-29 16:26:27,426] : DEBUG -> ---------------------------
7248 - [2023-04-29 16:26:27,426] : DEBUG -> 
 Tempo de Execucao: ---> 0.598040 

7248 - [2023-04-29 16:26:27,426] : DEBUG -> ---------------------------
7248 - [2023-04-29 16:26:27,426] : DEBUG -> Running input: /Users/hugolima/GitHub/HugoLima_ws_AA_RR_2022/exp/inputs/rand10k.txt - Time 11
7248 - [2023-04-29 16:26:27,488] : DEBUG -> Program output: - Time 11
7248 - [2023-04-29 16:26:27,488] : DEBUG -> ---------------------------
7248 - [2023-04-29 16:26:27,488] : DEBUG -> 
 Tempo de Execucao: ---> 0.598850 

7248 - [2023-04-29 16:26:27,488] : DEBUG -> ---------------------------
7248 - [2023-04-29 16:26:27,488] : DEBUG -> Running input: /Users/hugolima/GitHub/HugoLima_ws_AA_RR_2022/exp/inputs/rand10k.txt - Time 12
7248 - [2023-04-29 16:26:27,549] : DEBUG -> Program output: - Time 12
7248 - [2023-04-29 16:26:27,549] : DEBUG -> ---------------------------
7248 - [2023-04-29 16:26:27,549] : DEBUG -> 
 Tempo de Execucao: ---> 0.598590 

7248 - [2023-04-29 16:26:27,549] : DEBUG -> ---------------------------
7248 - [2023-04-29 16:26:27,550] : DEBUG -> Running input: /Users/hugolima/GitHub/HugoLima_ws_AA_RR_2022/exp/inputs/asc10k.txt - Time 0
7248 - [2023-04-29 16:26:27,612] : DEBUG -> Program output: - Time 0
7248 - [2023-04-29 16:26:27,612] : DEBUG -> ---------------------------
7248 - [2023-04-29 16:26:27,612] : DEBUG -> 
 Tempo de Execucao: ---> 0.591440 

7248 - [2023-04-29 16:26:27,612] : DEBUG -> ---------------------------
7248 - [2023-04-29 16:26:27,612] : DEBUG -> Running input: /Users/hugolima/GitHub/HugoLima_ws_AA_RR_2022/exp/inputs/asc10k.txt - Time 1
7248 - [2023-04-29 16:26:27,673] : DEBUG -> Program output: - Time 1
7248 - [2023-04-29 16:26:27,673] : DEBUG -> ---------------------------
7248 - [2023-04-29 16:26:27,673] : DEBUG -> 
 Tempo de Execucao: ---> 0.591450 

7248 - [2023-04-29 16:26:27,673] : DEBUG -> ---------------------------
7248 - [2023-04-29 16:26:27,673] : DEBUG -> Running input: /Users/hugolima/GitHub/HugoLima_ws_AA_RR_2022/exp/inputs/asc10k.txt - Time 2
7248 - [2023-04-29 16:26:27,734] : DEBUG -> Program output: - Time 2
7248 - [2023-04-29 16:26:27,734] : DEBUG -> ---------------------------
7248 - [2023-04-29 16:26:27,734] : DEBUG -> 
 Tempo de Execucao: ---> 0.590950 

7248 - [2023-04-29 16:26:27,734] : DEBUG -> ---------------------------
7248 - [2023-04-29 16:26:27,734] : DEBUG -> Running input: /Users/hugolima/GitHub/HugoLima_ws_AA_RR_2022/exp/inputs/asc10k.txt - Time 3
7248 - [2023-04-29 16:26:27,795] : DEBUG -> Program output: - Time 3
7248 - [2023-04-29 16:26:27,795] : DEBUG -> ---------------------------
7248 - [2023-04-29 16:26:27,795] : DEBUG -> 
 Tempo de Execucao: ---> 0.591240 

7248 - [2023-04-29 16:26:27,795] : DEBUG -> ---------------------------
7248 - [2023-04-29 16:26:27,795] : DEBUG -> Running input: /Users/hugolima/GitHub/HugoLima_ws_AA_RR_2022/exp/inputs/asc10k.txt - Time 4
7248 - [2023-04-29 16:26:27,856] : DEBUG -> Program output: - Time 4
7248 - [2023-04-29 16:26:27,856] : DEBUG -> ---------------------------
7248 - [2023-04-29 16:26:27,856] : DEBUG -> 
 Tempo de Execucao: ---> 0.591720 

7248 - [2023-04-29 16:26:27,856] : DEBUG -> ---------------------------
7248 - [2023-04-29 16:26:27,856] : DEBUG -> Running input: /Users/hugolima/GitHub/HugoLima_ws_AA_RR_2022/exp/inputs/asc10k.txt - Time 5
7248 - [2023-04-29 16:26:27,917] : DEBUG -> Program output: - Time 5
7248 - [2023-04-29 16:26:27,917] : DEBUG -> ---------------------------
7248 - [2023-04-29 16:26:27,917] : DEBUG -> 
 Tempo de Execucao: ---> 0.591400 

7248 - [2023-04-29 16:26:27,917] : DEBUG -> ---------------------------
7248 - [2023-04-29 16:26:27,917] : DEBUG -> Running input: /Users/hugolima/GitHub/HugoLima_ws_AA_RR_2022/exp/inputs/asc10k.txt - Time 6
7248 - [2023-04-29 16:26:27,978] : DEBUG -> Program output: - Time 6
7248 - [2023-04-29 16:26:27,978] : DEBUG -> ---------------------------
7248 - [2023-04-29 16:26:27,978] : DEBUG -> 
 Tempo de Execucao: ---> 0.591570 

7248 - [2023-04-29 16:26:27,978] : DEBUG -> ---------------------------
7248 - [2023-04-29 16:26:27,978] : DEBUG -> Running input: /Users/hugolima/GitHub/HugoLima_ws_AA_RR_2022/exp/inputs/asc10k.txt - Time 7
7248 - [2023-04-29 16:26:28,039] : DEBUG -> Program output: - Time 7
7248 - [2023-04-29 16:26:28,039] : DEBUG -> ---------------------------
7248 - [2023-04-29 16:26:28,039] : DEBUG -> 
 Tempo de Execucao: ---> 0.591540 

7248 - [2023-04-29 16:26:28,039] : DEBUG -> ---------------------------
7248 - [2023-04-29 16:26:28,039] : DEBUG -> Running input: /Users/hugolima/GitHub/HugoLima_ws_AA_RR_2022/exp/inputs/asc10k.txt - Time 8
7248 - [2023-04-29 16:26:28,100] : DEBUG -> Program output: - Time 8
7248 - [2023-04-29 16:26:28,100] : DEBUG -> ---------------------------
7248 - [2023-04-29 16:26:28,100] : DEBUG -> 
 Tempo de Execucao: ---> 0.591580 

7248 - [2023-04-29 16:26:28,100] : DEBUG -> ---------------------------
7248 - [2023-04-29 16:26:28,100] : DEBUG -> Running input: /Users/hugolima/GitHub/HugoLima_ws_AA_RR_2022/exp/inputs/asc10k.txt - Time 9
7248 - [2023-04-29 16:26:28,161] : DEBUG -> Program output: - Time 9
7248 - [2023-04-29 16:26:28,161] : DEBUG -> ---------------------------
7248 - [2023-04-29 16:26:28,161] : DEBUG -> 
 Tempo de Execucao: ---> 0.591530 

7248 - [2023-04-29 16:26:28,161] : DEBUG -> ---------------------------
7248 - [2023-04-29 16:26:28,161] : DEBUG -> Running input: /Users/hugolima/GitHub/HugoLima_ws_AA_RR_2022/exp/inputs/asc10k.txt - Time 10
7248 - [2023-04-29 16:26:28,222] : DEBUG -> Program output: - Time 10
7248 - [2023-04-29 16:26:28,222] : DEBUG -> ---------------------------
7248 - [2023-04-29 16:26:28,222] : DEBUG -> 
 Tempo de Execucao: ---> 0.591460 

7248 - [2023-04-29 16:26:28,222] : DEBUG -> ---------------------------
7248 - [2023-04-29 16:26:28,222] : DEBUG -> Running input: /Users/hugolima/GitHub/HugoLima_ws_AA_RR_2022/exp/inputs/asc10k.txt - Time 11
7248 - [2023-04-29 16:26:28,283] : DEBUG -> Program output: - Time 11
7248 - [2023-04-29 16:26:28,283] : DEBUG -> ---------------------------
7248 - [2023-04-29 16:26:28,283] : DEBUG -> 
 Tempo de Execucao: ---> 0.591740 

7248 - [2023-04-29 16:26:28,283] : DEBUG -> ---------------------------
7248 - [2023-04-29 16:26:28,283] : DEBUG -> Running input: /Users/hugolima/GitHub/HugoLima_ws_AA_RR_2022/exp/inputs/asc10k.txt - Time 12
7248 - [2023-04-29 16:26:28,344] : DEBUG -> Program output: - Time 12
7248 - [2023-04-29 16:26:28,344] : DEBUG -> ---------------------------
7248 - [2023-04-29 16:26:28,344] : DEBUG -> 
 Tempo de Execucao: ---> 0.591720 

7248 - [2023-04-29 16:26:28,344] : DEBUG -> ---------------------------
7248 - [2023-04-29 16:26:28,344] : DEBUG -> Running input: /Users/hugolima/GitHub/HugoLima_ws_AA_RR_2022/exp/inputs/rand500k.txt - Time 0
7248 - [2023-04-29 16:28:56,347] : DEBUG -> Program output: - Time 0
7248 - [2023-04-29 16:28:56,348] : DEBUG -> ---------------------------
7248 - [2023-04-29 16:28:56,348] : DEBUG -> 
 Tempo de Execucao: ---> 1479.611050 

7248 - [2023-04-29 16:28:56,348] : DEBUG -> ---------------------------
7248 - [2023-04-29 16:28:56,348] : DEBUG -> Running input: /Users/hugolima/GitHub/HugoLima_ws_AA_RR_2022/exp/inputs/rand500k.txt - Time 1
7248 - [2023-04-29 16:31:24,279] : DEBUG -> Program output: - Time 1
7248 - [2023-04-29 16:31:24,280] : DEBUG -> ---------------------------
7248 - [2023-04-29 16:31:24,280] : DEBUG -> 
 Tempo de Execucao: ---> 1478.890080 

7248 - [2023-04-29 16:31:24,280] : DEBUG -> ---------------------------
7248 - [2023-04-29 16:31:24,280] : DEBUG -> Running input: /Users/hugolima/GitHub/HugoLima_ws_AA_RR_2022/exp/inputs/rand500k.txt - Time 2
7248 - [2023-04-29 16:33:51,967] : DEBUG -> Program output: - Time 2
7248 - [2023-04-29 16:33:51,968] : DEBUG -> ---------------------------
7248 - [2023-04-29 16:33:51,968] : DEBUG -> 
 Tempo de Execucao: ---> 1476.451130 

7248 - [2023-04-29 16:33:51,968] : DEBUG -> ---------------------------
7248 - [2023-04-29 16:33:51,968] : DEBUG -> Running input: /Users/hugolima/GitHub/HugoLima_ws_AA_RR_2022/exp/inputs/rand500k.txt - Time 3
7248 - [2023-04-29 16:36:19,660] : DEBUG -> Program output: - Time 3
7248 - [2023-04-29 16:36:19,660] : DEBUG -> ---------------------------
7248 - [2023-04-29 16:36:19,660] : DEBUG -> 
 Tempo de Execucao: ---> 1476.470650 

7248 - [2023-04-29 16:36:19,660] : DEBUG -> ---------------------------
7248 - [2023-04-29 16:36:19,660] : DEBUG -> Running input: /Users/hugolima/GitHub/HugoLima_ws_AA_RR_2022/exp/inputs/rand500k.txt - Time 4
7248 - [2023-04-29 16:38:47,436] : DEBUG -> Program output: - Time 4
7248 - [2023-04-29 16:38:47,437] : DEBUG -> ---------------------------
7248 - [2023-04-29 16:38:47,437] : DEBUG -> 
 Tempo de Execucao: ---> 1477.335460 

7248 - [2023-04-29 16:38:47,437] : DEBUG -> ---------------------------
7248 - [2023-04-29 16:38:47,437] : DEBUG -> Running input: /Users/hugolima/GitHub/HugoLima_ws_AA_RR_2022/exp/inputs/rand500k.txt - Time 5
7248 - [2023-04-29 16:41:15,191] : DEBUG -> Program output: - Time 5
7248 - [2023-04-29 16:41:15,192] : DEBUG -> ---------------------------
7248 - [2023-04-29 16:41:15,192] : DEBUG -> 
 Tempo de Execucao: ---> 1477.101870 

7248 - [2023-04-29 16:41:15,192] : DEBUG -> ---------------------------
7248 - [2023-04-29 16:41:15,192] : DEBUG -> Running input: /Users/hugolima/GitHub/HugoLima_ws_AA_RR_2022/exp/inputs/rand500k.txt - Time 6
7248 - [2023-04-29 16:43:42,886] : DEBUG -> Program output: - Time 6
7248 - [2023-04-29 16:43:42,887] : DEBUG -> ---------------------------
7248 - [2023-04-29 16:43:42,887] : DEBUG -> 
 Tempo de Execucao: ---> 1476.511270 

7248 - [2023-04-29 16:43:42,887] : DEBUG -> ---------------------------
7248 - [2023-04-29 16:43:42,887] : DEBUG -> Running input: /Users/hugolima/GitHub/HugoLima_ws_AA_RR_2022/exp/inputs/rand500k.txt - Time 7
7248 - [2023-04-29 16:46:11,097] : DEBUG -> Program output: - Time 7
7248 - [2023-04-29 16:46:11,099] : DEBUG -> ---------------------------
7248 - [2023-04-29 16:46:11,099] : DEBUG -> 
 Tempo de Execucao: ---> 1481.660220 

7248 - [2023-04-29 16:46:11,099] : DEBUG -> ---------------------------
7248 - [2023-04-29 16:46:11,099] : DEBUG -> Running input: /Users/hugolima/GitHub/HugoLima_ws_AA_RR_2022/exp/inputs/rand500k.txt - Time 8
7248 - [2023-04-29 16:48:38,990] : DEBUG -> Program output: - Time 8
7248 - [2023-04-29 16:48:38,991] : DEBUG -> ---------------------------
7248 - [2023-04-29 16:48:38,991] : DEBUG -> 
 Tempo de Execucao: ---> 1478.487100 

7248 - [2023-04-29 16:48:38,991] : DEBUG -> ---------------------------
7248 - [2023-04-29 16:48:38,991] : DEBUG -> Running input: /Users/hugolima/GitHub/HugoLima_ws_AA_RR_2022/exp/inputs/rand500k.txt - Time 9
7248 - [2023-04-29 16:51:07,102] : DEBUG -> Program output: - Time 9
7248 - [2023-04-29 16:51:07,102] : DEBUG -> ---------------------------
7248 - [2023-04-29 16:51:07,102] : DEBUG -> 
 Tempo de Execucao: ---> 1480.678440 

7248 - [2023-04-29 16:51:07,102] : DEBUG -> ---------------------------
7248 - [2023-04-29 16:51:07,102] : DEBUG -> Running input: /Users/hugolima/GitHub/HugoLima_ws_AA_RR_2022/exp/inputs/rand500k.txt - Time 10
7248 - [2023-04-29 16:53:35,050] : DEBUG -> Program output: - Time 10
7248 - [2023-04-29 16:53:35,050] : DEBUG -> ---------------------------
7248 - [2023-04-29 16:53:35,050] : DEBUG -> 
 Tempo de Execucao: ---> 1479.054240 

7248 - [2023-04-29 16:53:35,050] : DEBUG -> ---------------------------
7248 - [2023-04-29 16:53:35,050] : DEBUG -> Running input: /Users/hugolima/GitHub/HugoLima_ws_AA_RR_2022/exp/inputs/rand500k.txt - Time 11
7248 - [2023-04-29 16:56:03,171] : DEBUG -> Program output: - Time 11
7248 - [2023-04-29 16:56:03,171] : DEBUG -> ---------------------------
7248 - [2023-04-29 16:56:03,171] : DEBUG -> 
 Tempo de Execucao: ---> 1480.783940 

7248 - [2023-04-29 16:56:03,171] : DEBUG -> ---------------------------
7248 - [2023-04-29 16:56:03,171] : DEBUG -> Running input: /Users/hugolima/GitHub/HugoLima_ws_AA_RR_2022/exp/inputs/rand500k.txt - Time 12
7248 - [2023-04-29 16:58:31,656] : DEBUG -> Program output: - Time 12
7248 - [2023-04-29 16:58:31,657] : DEBUG -> ---------------------------
7248 - [2023-04-29 16:58:31,657] : DEBUG -> 
 Tempo de Execucao: ---> 1484.424120 

7248 - [2023-04-29 16:58:31,657] : DEBUG -> ---------------------------
